[Licensing::Module] Trying to connect to existing licensing client channel...
Built from '6000.4/staging' branch; Version is '6000.4.6f1 (0b051c2e5d54) revision 722204'; Using compiler version '194234433'; Build Type 'Release'
OS: 'Windows 10  (10.0.19045) 64bit Core' Language: 'ko' Physical Memory: 49060 MB
BatchMode: 1, IsHumanControllingUs: 0, StartBugReporterOnCrash: 0, Is64bit: 1
System  architecture: x64
Process architecture: x64
[Licensing::IpcConnector] Successfully connected to: "LicenseClient-bomi" at "2026-07-06T06:31:43.3491059Z"
Date: 2026-07-06T06:31:43Z

COMMAND LINE ARGUMENTS:
C:\Program Files\Unity\Hub\Editor\6000.4.6f1\Editor\Unity.exe
-batchmode
-nographics
-projectPath
C:\tmp\LastHost_UnityProject_Test_20260706_return_grace_red_pkgtrim_e5bd86758e46457995764945ca512e76
-runTests
-testPlatform
editmode
-testResults
C:\project\Last-Host\_workspace\active\2026-07-06-contamination-risk-zone-trigger\editmode-all-green6.xml
-logFile
C:\project\Last-Host\_workspace\active\2026-07-06-contamination-risk-zone-trigger\editmode-all-green6.log
Successfully changed project path to: C:\tmp\LastHost_UnityProject_Test_20260706_return_grace_red_pkgtrim_e5bd86758e46457995764945ca512e76
C:/tmp/LastHost_UnityProject_Test_20260706_return_grace_red_pkgtrim_e5bd86758e46457995764945ca512e76
[UnityMemory] Configuration Parameters - Can be set up in boot.config
    "memorysetup-temp-allocator-size-gi-baking-worker=262144"
    "memorysetup-temp-allocator-size-gi-baking-worker=262144"
    "memorysetup-temp-allocator-size-gi-baking-worker=262144"
    "memorysetup-temp-allocator-size-gi-baking-worker=262144"
    "memorysetup-temp-allocator-size-gi-baking-worker=262144"
    "memorysetup-temp-allocator-size-nav-mesh-worker=65536"
    "memorysetup-temp-allocator-size-audio-worker=65536"
    "memorysetup-temp-allocator-size-cloud-worker=32768"
    "memorysetup-temp-allocator-size-gfx=262144"
    "memorysetup-temp-allocator-size-preload-manager=33554432"
    "memorysetup-temp-allocator-size-job-worker=262144"
    "memorysetup-temp-allocator-size-background-worker=32768"
    "memorysetup-allocator-temp-initial-block-size-main=262144"
    "memorysetup-allocator-temp-initial-block-size-worker=262144"
    "memorysetup-bucket-allocator-granularity=16"
    "memorysetup-bucket-allocator-bucket-count=8"
    "memorysetup-bucket-allocator-block-size=33554432"
    "memorysetup-bucket-allocator-block-count=8"
    "memorysetup-main-allocator-block-size=16777216"
    "memorysetup-thread-allocator-block-size=16777216"
    "memorysetup-gfx-main-allocator-block-size=16777216"
    "memorysetup-gfx-thread-allocator-block-size=16777216"
    "memorysetup-cache-allocator-block-size=4194304"
    "memorysetup-typetree-allocator-block-size=2097152"
    "memorysetup-profiler-bucket-allocator-granularity=16"
    "memorysetup-profiler-bucket-allocator-bucket-count=8"
    "memorysetup-profiler-bucket-allocator-block-size=33554432"
    "memorysetup-profiler-bucket-allocator-block-count=8"
    "memorysetup-profiler-allocator-block-size=16777216"
    "memorysetup-profiler-editor-allocator-block-size=1048576"
    "memorysetup-temp-allocator-size-main=16777216"
    "memorysetup-job-temp-allocator-block-size=2097152"
    "memorysetup-job-temp-allocator-block-size-background=1048576"
    "memorysetup-job-temp-allocator-reduction-small-platforms=262144"
Player connection [57596]  Target information:

Player connection [57596]  * "[IP] 192.168.219.101 [Port] 55505 [Flags] 2 [Guid] 1217012246 [EditorId] 1217012246 [Version] 1048832 [Id] WindowsEditor(7,DESKTOP-3DBIB3O) [Debug] 1 [PackageName] WindowsEditor [ProjectName] Editor" 

Player connection [57596]  * "[IP] 172.25.64.1 [Port] 55505 [Flags] 2 [Guid] 1217012246 [EditorId] 1217012246 [Version] 1048832 [Id] WindowsEditor(7,DESKTOP-3DBIB3O) [Debug] 1 [PackageName] WindowsEditor [ProjectName] Editor" 

Player connection [57596] Host joined multi-casting on [225.0.0.222:54997]...
Player connection [57596] Host joined alternative multi-casting on [225.0.0.222:34997]...
Input System module state changed to: Initialized.
[Physics::Module] Initialized fallback backend.
[Physics::Module] Id: 0xdecafbad
[Package Manager] Connected to IPC stream "Upm-47900" after 0.3 seconds.
[Licensing::Module] Licensing is not yet initialized.
[Licensing::Client] Error: HandshakeResponse reported an error:
	ResponseCode: 505
	ResponseStatus: Unsupported protocol version '1.18.1'.
[Licensing::Module] Error: Failed to handshake to channel: "LicenseClient-bomi"
[Licensing::IpcConnector] LicenseClient-bomi channel disconnected successfully.
[Licensing::IpcConnector] Successfully connected to: "LicenseClient-bomi-6000.4.6" at "2026-07-06T06:31:44.9724898Z"
[Licensing::Client] Code 10 while verifying Licensing Client signature (process Id: 37704, path: "C:/Program Files/Unity/Hub/Editor/6000.4.6f1/Editor/Data/Resources/Licensing/Client/Unity.Licensing.Client.exe")
[Licensing::Module] LicensingClient has failed validation; ignoring
[Licensing::Client] Handshaking with LicensingClient:
  Version:                 1.18.1+9fbee8e
  Session Id:              08ec640a8474459cbd74f68583dd6db0
  Correlation Id:          206bda34aa3277d37d831e18b80ed72c
  External correlation Id: 3146044845041442978
  Machine Id:              8iF7dbUL+YuDd5WWihfViePFuPw=
[Licensing::Module] Successfully connected to LicensingClient on channel: "LicenseClient-bomi-6000.4.6" (connect: 0.00s, validation: 0.00s, handshake: 0.01s)
[Licensing::IpcConnector] Successfully connected to: "LicenseClient-bomi-6000.4.6-notifications" at "2026-07-06T06:31:44.9814559Z"
[Licensing::Module] Error: Access token is unavailable; failed to update
[Licensing::Client] Successfully resolved entitlement details
[Licensing::Module] License group:
  Id: 14569752646128-UnityPersXXXX
  Product: Unity Personal
  Type: Assigned
  Expiration: Unlimited
[Licensing::Client] Successfully updated license, isAsync: True, time: 0.00
[Licensing::Module] Licensing Background thread has ended after 1.64s
[Licensing::Module] Licensing is initialized (took 0.96s).
[Licensing::Client] Successfully resolved entitlement details
Library Redirect Path: Library/
[Physics::Module] Selected backend.
[Physics::Module] Name: PhysX
[Physics::Module] Id: 0xf2b8ea05
[Physics::Module] SDK Version: 4.1.2
[Physics::Module] Integration Version: 1.0.0
[Physics::Module] Threading Mode: Multi-Threaded
Initialize engine version: 6000.4.6f1 (0b051c2e5d54)
[Subsystems] Discovering subsystems at path C:/Program Files/Unity/Hub/Editor/6000.4.6f1/Editor/Data/Resources/UnitySubsystems
[Subsystems] Discovering subsystems at path C:/tmp/LastHost_UnityProject_Test_20260706_return_grace_red_pkgtrim_e5bd86758e46457995764945ca512e76/Assets
Forcing GfxDevice: Null
GfxDevice: creating device client; kGfxThreadingModeNonThreaded
NullGfxDevice:
    Version:  NULL 1.0 [1.0]
    Renderer: Null Device
    Vendor:   Unity Technologies
Initialize mono
Mono path[0] = 'C:/Program Files/Unity/Hub/Editor/6000.4.6f1/Editor/Data/Managed'
Mono path[1] = 'C:/Program Files/Unity/Hub/Editor/6000.4.6f1/Editor/Data/MonoBleedingEdge/lib/mono/unityjit-win32'
Mono config path = 'C:/Program Files/Unity/Hub/Editor/6000.4.6f1/Editor/Data/MonoBleedingEdge/etc'
Using monoOptions --debugger-agent=transport=dt_socket,embedding=1,server=y,suspend=n,address=127.0.0.1:56900
CodeReloadManager initialized
Using cacheserver namespaces - metadata:defaultmetadata, artifacts:defaultartifacts
Using cacheserver namespaces - metadata:defaultmetadata, artifacts:defaultartifacts
ImportWorker Server TCP listen port: 0
AcceleratorClientConnectionCallback - disconnected - :0
Begin MonoManager ReloadAssembly
Registering precompiled unity dll's ...
Register platform support module: C:/Program Files/Unity/Hub/Editor/6000.4.6f1/Editor/Data/PlaybackEngines/WebGLSupport/UnityEditor.WebGL.Extensions.dll
Register platform support module: C:/Program Files/Unity/Hub/Editor/6000.4.6f1/Editor/Data/PlaybackEngines/WindowsStandaloneSupport/UnityEditor.WindowsStandalone.Extensions.dll
Registered in 0.005592 seconds.
Native extension for WindowsStandalone target not found
Native extension for WebGL target not found
Package Manager log level set to [2]
ScheduleIndexationOnStartup MainProcess:False IndexOnStartup:True
Mono: successfully reloaded assembly
- Finished resetting the current domain, in  0.391 seconds
Domain Reload Profiling: 936ms
	BeginReloadAssembly (180ms)
		CreateAndSetChildDomain (12ms)
	RebuildCommonClasses (41ms)
	RebuildNativeTypeToScriptingClass (11ms)
	initialDomainReloadingComplete (93ms)
	LoadAllAssembliesAndSetupDomain (217ms)
		LoadAssemblies (161ms)
		AnalyzeDomain (208ms)
			TypeCache.Refresh (207ms)
				TypeCache.ScanAssembly (193ms)
	FinalizeReload (393ms)
		SetupLoadedEditorAssemblies (0ms)
			InitializePlatformSupportModulesInManaged (51ms)
			BeforeProcessingInitializeOnLoad (80ms)
			ProcessInitializeOnLoadAttributes (109ms)
			ProcessInitializeOnLoadMethodAttributes (93ms)
[Licensing::Client] Successfully resolved entitlement details
Application.AssetDatabase Initial Refresh Start
[Package Manager] Restoring resolved packages state from cache
[Licensing::Client] Successfully resolved entitlement details
[Package Manager] Registered 59 packages:
  Packages from [https://packages.unity.com]:
    com.unity.ai.inference@2.6.1 (location: C:\tmp\LastHost_UnityProject_Test_20260706_return_grace_red_pkgtrim_e5bd86758e46457995764945ca512e76\Library\PackageCache\com.unity.ai.inference@9a123aee5df7)
    com.unity.ai.navigation@2.0.12 (location: C:\tmp\LastHost_UnityProject_Test_20260706_return_grace_red_pkgtrim_e5bd86758e46457995764945ca512e76\Library\PackageCache\com.unity.ai.navigation@734c2c4c5591)
    com.unity.collab-proxy@2.12.4 (location: C:\tmp\LastHost_UnityProject_Test_20260706_return_grace_red_pkgtrim_e5bd86758e46457995764945ca512e76\Library\PackageCache\com.unity.collab-proxy@0b1559bcd34e)
    com.unity.ide.visualstudio@2.0.27 (location: C:\tmp\LastHost_UnityProject_Test_20260706_return_grace_red_pkgtrim_e5bd86758e46457995764945ca512e76\Library\PackageCache\com.unity.ide.visualstudio@dc1ddd4f09b6)
    com.unity.inputsystem@1.19.0 (location: C:\tmp\LastHost_UnityProject_Test_20260706_return_grace_red_pkgtrim_e5bd86758e46457995764945ca512e76\Library\PackageCache\com.unity.inputsystem@21a28c3a6c83)
    com.unity.timeline@1.8.12 (location: C:\tmp\LastHost_UnityProject_Test_20260706_return_grace_red_pkgtrim_e5bd86758e46457995764945ca512e76\Library\PackageCache\com.unity.timeline@8cd8509afae5)
    com.unity.visualscripting@1.9.11 (location: C:\tmp\LastHost_UnityProject_Test_20260706_return_grace_red_pkgtrim_e5bd86758e46457995764945ca512e76\Library\PackageCache\com.unity.visualscripting@8bed5ad90189)
    com.unity.burst@1.8.29 (location: C:\tmp\LastHost_UnityProject_Test_20260706_return_grace_red_pkgtrim_e5bd86758e46457995764945ca512e76\Library\PackageCache\com.unity.burst@6bb9aca3ef38)
    com.unity.dt.app-ui@2.1.1 (location: C:\tmp\LastHost_UnityProject_Test_20260706_return_grace_red_pkgtrim_e5bd86758e46457995764945ca512e76\Library\PackageCache\com.unity.dt.app-ui@8ac7e730dd5d)
    com.unity.nuget.newtonsoft-json@3.2.2 (location: C:\tmp\LastHost_UnityProject_Test_20260706_return_grace_red_pkgtrim_e5bd86758e46457995764945ca512e76\Library\PackageCache\com.unity.nuget.newtonsoft-json@4dfd81071c64)
    com.unity.searcher@4.9.4 (location: C:\tmp\LastHost_UnityProject_Test_20260706_return_grace_red_pkgtrim_e5bd86758e46457995764945ca512e76\Library\PackageCache\com.unity.searcher@d45a78918735)
    com.unity.mathematics@1.3.3 (location: C:\tmp\LastHost_UnityProject_Test_20260706_return_grace_red_pkgtrim_e5bd86758e46457995764945ca512e76\Library\PackageCache\com.unity.mathematics@19a9377c4ffa)
    com.unity.nuget.mono-cecil@1.11.6 (location: C:\tmp\LastHost_UnityProject_Test_20260706_return_grace_red_pkgtrim_e5bd86758e46457995764945ca512e76\Library\PackageCache\com.unity.nuget.mono-cecil@ecb9724e46ff)
    com.unity.test-framework.performance@3.4.0 (location: C:\tmp\LastHost_UnityProject_Test_20260706_return_grace_red_pkgtrim_e5bd86758e46457995764945ca512e76\Library\PackageCache\com.unity.test-framework.performance@aa81a99c4a75)
  Built-in packages:
    com.unity.multiplayer.center@1.0.1 (location: C:\tmp\LastHost_UnityProject_Test_20260706_return_grace_red_pkgtrim_e5bd86758e46457995764945ca512e76\Library\PackageCache\com.unity.multiplayer.center@f01f4ba8d00a)
    com.unity.render-pipelines.universal@17.4.0 (location: C:\tmp\LastHost_UnityProject_Test_20260706_return_grace_red_pkgtrim_e5bd86758e46457995764945ca512e76\Library\PackageCache\com.unity.render-pipelines.universal@0d0659f1368d)
    com.unity.test-framework@1.6.0 (location: C:\tmp\LastHost_UnityProject_Test_20260706_return_grace_red_pkgtrim_e5bd86758e46457995764945ca512e76\Library\PackageCache\com.unity.test-framework@76560ee600cb)
    com.unity.ugui@2.0.0 (location: C:\tmp\LastHost_UnityProject_Test_20260706_return_grace_red_pkgtrim_e5bd86758e46457995764945ca512e76\Library\PackageCache\com.unity.ugui@473409526770)
    com.unity.modules.accessibility@1.0.0 (location: C:\tmp\LastHost_UnityProject_Test_20260706_return_grace_red_pkgtrim_e5bd86758e46457995764945ca512e76\Library\PackageCache\com.unity.modules.accessibility)
    com.unity.modules.adaptiveperformance@1.0.0 (location: C:\tmp\LastHost_UnityProject_Test_20260706_return_grace_red_pkgtrim_e5bd86758e46457995764945ca512e76\Library\PackageCache\com.unity.modules.adaptiveperformance)
    com.unity.modules.ai@1.0.0 (location: C:\tmp\LastHost_UnityProject_Test_20260706_return_grace_red_pkgtrim_e5bd86758e46457995764945ca512e76\Library\PackageCache\com.unity.modules.ai)
    com.unity.modules.androidjni@1.0.0 (location: C:\tmp\LastHost_UnityProject_Test_20260706_return_grace_red_pkgtrim_e5bd86758e46457995764945ca512e76\Library\PackageCache\com.unity.modules.androidjni)
    com.unity.modules.animation@1.0.0 (location: C:\tmp\LastHost_UnityProject_Test_20260706_return_grace_red_pkgtrim_e5bd86758e46457995764945ca512e76\Library\PackageCache\com.unity.modules.animation)
    com.unity.modules.assetbundle@1.0.0 (location: C:\tmp\LastHost_UnityProject_Test_20260706_return_grace_red_pkgtrim_e5bd86758e46457995764945ca512e76\Library\PackageCache\com.unity.modules.assetbundle)
    com.unity.modules.audio@1.0.0 (location: C:\tmp\LastHost_UnityProject_Test_20260706_return_grace_red_pkgtrim_e5bd86758e46457995764945ca512e76\Library\PackageCache\com.unity.modules.audio)
    com.unity.modules.cloth@1.0.0 (location: C:\tmp\LastHost_UnityProject_Test_20260706_return_grace_red_pkgtrim_e5bd86758e46457995764945ca512e76\Library\PackageCache\com.unity.modules.cloth)
    com.unity.modules.director@1.0.0 (location: C:\tmp\LastHost_UnityProject_Test_20260706_return_grace_red_pkgtrim_e5bd86758e46457995764945ca512e76\Library\PackageCache\com.unity.modules.director)
    com.unity.modules.imageconversion@1.0.0 (location: C:\tmp\LastHost_UnityProject_Test_20260706_return_grace_red_pkgtrim_e5bd86758e46457995764945ca512e76\Library\PackageCache\com.unity.modules.imageconversion)
    com.unity.modules.imgui@1.0.0 (location: C:\tmp\LastHost_UnityProject_Test_20260706_return_grace_red_pkgtrim_e5bd86758e46457995764945ca512e76\Library\PackageCache\com.unity.modules.imgui)
    com.unity.modules.jsonserialize@1.0.0 (location: C:\tmp\LastHost_UnityProject_Test_20260706_return_grace_red_pkgtrim_e5bd86758e46457995764945ca512e76\Library\PackageCache\com.unity.modules.jsonserialize)
    com.unity.modules.particlesystem@1.0.0 (location: C:\tmp\LastHost_UnityProject_Test_20260706_return_grace_red_pkgtrim_e5bd86758e46457995764945ca512e76\Library\PackageCache\com.unity.modules.particlesystem)
    com.unity.modules.physics@1.0.0 (location: C:\tmp\LastHost_UnityProject_Test_20260706_return_grace_red_pkgtrim_e5bd86758e46457995764945ca512e76\Library\PackageCache\com.unity.modules.physics)
    com.unity.modules.physics2d@1.0.0 (location: C:\tmp\LastHost_UnityProject_Test_20260706_return_grace_red_pkgtrim_e5bd86758e46457995764945ca512e76\Library\PackageCache\com.unity.modules.physics2d)
    com.unity.modules.screencapture@1.0.0 (location: C:\tmp\LastHost_UnityProject_Test_20260706_return_grace_red_pkgtrim_e5bd86758e46457995764945ca512e76\Library\PackageCache\com.unity.modules.screencapture)
    com.unity.modules.terrain@1.0.0 (location: C:\tmp\LastHost_UnityProject_Test_20260706_return_grace_red_pkgtrim_e5bd86758e46457995764945ca512e76\Library\PackageCache\com.unity.modules.terrain)
    com.unity.modules.terrainphysics@1.0.0 (location: C:\tmp\LastHost_UnityProject_Test_20260706_return_grace_red_pkgtrim_e5bd86758e46457995764945ca512e76\Library\PackageCache\com.unity.modules.terrainphysics)
    com.unity.modules.tilemap@1.0.0 (location: C:\tmp\LastHost_UnityProject_Test_20260706_return_grace_red_pkgtrim_e5bd86758e46457995764945ca512e76\Library\PackageCache\com.unity.modules.tilemap)
    com.unity.modules.ui@1.0.0 (location: C:\tmp\LastHost_UnityProject_Test_20260706_return_grace_red_pkgtrim_e5bd86758e46457995764945ca512e76\Library\PackageCache\com.unity.modules.ui)
    com.unity.modules.uielements@1.0.0 (location: C:\tmp\LastHost_UnityProject_Test_20260706_return_grace_red_pkgtrim_e5bd86758e46457995764945ca512e76\Library\PackageCache\com.unity.modules.uielements)
    com.unity.modules.umbra@1.0.0 (location: C:\tmp\LastHost_UnityProject_Test_20260706_return_grace_red_pkgtrim_e5bd86758e46457995764945ca512e76\Library\PackageCache\com.unity.modules.umbra)
    com.unity.modules.unityanalytics@1.0.0 (location: C:\tmp\LastHost_UnityProject_Test_20260706_return_grace_red_pkgtrim_e5bd86758e46457995764945ca512e76\Library\PackageCache\com.unity.modules.unityanalytics)
    com.unity.modules.unitywebrequest@1.0.0 (location: C:\tmp\LastHost_UnityProject_Test_20260706_return_grace_red_pkgtrim_e5bd86758e46457995764945ca512e76\Library\PackageCache\com.unity.modules.unitywebrequest)
    com.unity.modules.unitywebrequestassetbundle@1.0.0 (location: C:\tmp\LastHost_UnityProject_Test_20260706_return_grace_red_pkgtrim_e5bd86758e46457995764945ca512e76\Library\PackageCache\com.unity.modules.unitywebrequestassetbundle)
    com.unity.modules.unitywebrequestaudio@1.0.0 (location: C:\tmp\LastHost_UnityProject_Test_20260706_return_grace_red_pkgtrim_e5bd86758e46457995764945ca512e76\Library\PackageCache\com.unity.modules.unitywebrequestaudio)
    com.unity.modules.unitywebrequesttexture@1.0.0 (location: C:\tmp\LastHost_UnityProject_Test_20260706_return_grace_red_pkgtrim_e5bd86758e46457995764945ca512e76\Library\PackageCache\com.unity.modules.unitywebrequesttexture)
    com.unity.modules.unitywebrequestwww@1.0.0 (location: C:\tmp\LastHost_UnityProject_Test_20260706_return_grace_red_pkgtrim_e5bd86758e46457995764945ca512e76\Library\PackageCache\com.unity.modules.unitywebrequestwww)
    com.unity.modules.vectorgraphics@1.0.0 (location: C:\tmp\LastHost_UnityProject_Test_20260706_return_grace_red_pkgtrim_e5bd86758e46457995764945ca512e76\Library\PackageCache\com.unity.modules.vectorgraphics)
    com.unity.modules.vehicles@1.0.0 (location: C:\tmp\LastHost_UnityProject_Test_20260706_return_grace_red_pkgtrim_e5bd86758e46457995764945ca512e76\Library\PackageCache\com.unity.modules.vehicles)
    com.unity.modules.video@1.0.0 (location: C:\tmp\LastHost_UnityProject_Test_20260706_return_grace_red_pkgtrim_e5bd86758e46457995764945ca512e76\Library\PackageCache\com.unity.modules.video)
    com.unity.modules.vr@1.0.0 (location: C:\tmp\LastHost_UnityProject_Test_20260706_return_grace_red_pkgtrim_e5bd86758e46457995764945ca512e76\Library\PackageCache\com.unity.modules.vr)
    com.unity.modules.wind@1.0.0 (location: C:\tmp\LastHost_UnityProject_Test_20260706_return_grace_red_pkgtrim_e5bd86758e46457995764945ca512e76\Library\PackageCache\com.unity.modules.wind)
    com.unity.modules.xr@1.0.0 (location: C:\tmp\LastHost_UnityProject_Test_20260706_return_grace_red_pkgtrim_e5bd86758e46457995764945ca512e76\Library\PackageCache\com.unity.modules.xr)
    com.unity.modules.subsystems@1.0.0 (location: C:\tmp\LastHost_UnityProject_Test_20260706_return_grace_red_pkgtrim_e5bd86758e46457995764945ca512e76\Library\PackageCache\com.unity.modules.subsystems)
    com.unity.modules.hierarchycore@1.0.0 (location: C:\tmp\LastHost_UnityProject_Test_20260706_return_grace_red_pkgtrim_e5bd86758e46457995764945ca512e76\Library\PackageCache\com.unity.modules.hierarchycore)
    com.unity.ext.nunit@2.0.5 (location: C:\tmp\LastHost_UnityProject_Test_20260706_return_grace_red_pkgtrim_e5bd86758e46457995764945ca512e76\Library\PackageCache\com.unity.ext.nunit@d8c07649098d)
    com.unity.render-pipelines.core@17.4.0 (location: C:\tmp\LastHost_UnityProject_Test_20260706_return_grace_red_pkgtrim_e5bd86758e46457995764945ca512e76\Library\PackageCache\com.unity.render-pipelines.core@630143bbfe2b)
    com.unity.shadergraph@17.4.0 (location: C:\tmp\LastHost_UnityProject_Test_20260706_return_grace_red_pkgtrim_e5bd86758e46457995764945ca512e76\Library\PackageCache\com.unity.shadergraph@04a6ef07359e)
    com.unity.render-pipelines.universal-config@17.4.0 (location: C:\tmp\LastHost_UnityProject_Test_20260706_return_grace_red_pkgtrim_e5bd86758e46457995764945ca512e76\Library\PackageCache\com.unity.render-pipelines.universal-config@0db4263b9e6b)
    com.unity.collections@6.4.0 (location: C:\tmp\LastHost_UnityProject_Test_20260706_return_grace_red_pkgtrim_e5bd86758e46457995764945ca512e76\Library\PackageCache\com.unity.collections@65f499a3cc26)
[Subsystems] No new subsystems found in resolved package list.
[Package Manager] Done registering packages in 0.03 seconds
Starting: C:\Program Files\Unity\Hub\Editor\6000.4.6f1\Editor\Data\Tools\BuildPipeline\bee_backend.exe --ipc --defer-dag-verification --dagfile="Library/Bee/1900b0aE.dag" --continue-on-failure --profile="Library/Bee/backend1.traceevents" ScriptAssemblies
WorkingDir: C:/tmp/LastHost_UnityProject_Test_20260706_return_grace_red_pkgtrim_e5bd86758e46457995764945ca512e76
DisplayProgressbar: Compiling Scripts
ExitCode: 0 Duration: 0s554ms
[ 854/1104  0s] ILPP-Configuration Library/ilpp-configuration.nevergeneratedoutput
*** Tundra build success (0.50 seconds), 1 items updated, 1104 evaluated
AssetDatabase: script compilation time: 1.080809s
Begin MonoManager ReloadAssembly
Assembly Assembly-CSharp-Editor-firstpass.dll at Library/ScriptAssemblies/Assembly-CSharp-Editor-firstpass.dll not valid. Loading of assembly skipped.
Assembly Assembly-CSharp-firstpass.dll at Library/ScriptAssemblies/Assembly-CSharp-firstpass.dll not valid. Loading of assembly skipped.
Assembly DocCodeExamples.dll at Library/ScriptAssemblies/DocCodeExamples.dll not valid. Loading of assembly skipped.
Assembly TestNewCustomAssembly.dll at Library/ScriptAssemblies/TestNewCustomAssembly.dll not valid. Loading of assembly skipped.
Assembly Unity.AppUI.Editor.Tests.dll at Library/ScriptAssemblies/Unity.AppUI.Editor.Tests.dll not valid. Loading of assembly skipped.
Assembly Unity.AppUI.Tests.dll at Library/ScriptAssemblies/Unity.AppUI.Tests.dll not valid. Loading of assembly skipped.
Assembly Unity.Collections.BurstCompatibilityGen.dll at Library/ScriptAssemblies/Unity.Collections.BurstCompatibilityGen.dll not valid. Loading of assembly skipped.
Assembly Unity.Collections.DocCodeSamples.dll at Library/ScriptAssemblies/Unity.Collections.DocCodeSamples.dll not valid. Loading of assembly skipped.
Assembly Unity.Collections.PerformanceTests.dll at Library/ScriptAssemblies/Unity.Collections.PerformanceTests.dll not valid. Loading of assembly skipped.
Assembly Unity.Collections.Tests.dll at Library/ScriptAssemblies/Unity.Collections.Tests.dll not valid. Loading of assembly skipped.
Assembly Unity.Collections.Tests.Playmode.dll at Library/ScriptAssemblies/Unity.Collections.Tests.Playmode.dll not valid. Loading of assembly skipped.
Assembly Unity.InputSystem.IntegrationTests.dll at Library/ScriptAssemblies/Unity.InputSystem.IntegrationTests.dll not valid. Loading of assembly skipped.
Assembly Unity.Mathematics.Tests.dll at Library/ScriptAssemblies/Unity.Mathematics.Tests.dll not valid. Loading of assembly skipped.
Assembly Unity.Multiplayer.Center.Editor.Tests.dll at Library/ScriptAssemblies/Unity.Multiplayer.Center.Editor.Tests.dll not valid. Loading of assembly skipped.
Assembly Unity.Multiplayer.Center.Tests.dll at Library/ScriptAssemblies/Unity.Multiplayer.Center.Tests.dll not valid. Loading of assembly skipped.
Assembly Unity.Nuget.Mono-Cecil.dll at Library/ScriptAssemblies/Unity.Nuget.Mono-Cecil.dll not valid. Loading of assembly skipped.
Assembly Unity.PathTracing.Editor.Tests.dll at Library/ScriptAssemblies/Unity.PathTracing.Editor.Tests.dll not valid. Loading of assembly skipped.
Assembly Unity.PathTracing.Runtime.Tests.dll at Library/ScriptAssemblies/Unity.PathTracing.Runtime.Tests.dll not valid. Loading of assembly skipped.
Assembly Unity.RenderPipelines.Core.Editor.Tests.dll at Library/ScriptAssemblies/Unity.RenderPipelines.Core.Editor.Tests.dll not valid. Loading of assembly skipped.
Assembly Unity.RenderPipelines.Core.Runtime.Tests.dll at Library/ScriptAssemblies/Unity.RenderPipelines.Core.Runtime.Tests.dll not valid. Loading of assembly skipped.
Assembly Unity.RenderPipelines.Universal.Config.Editor.Tests.dll at Library/ScriptAssemblies/Unity.RenderPipelines.Universal.Config.Editor.Tests.dll not valid. Loading of assembly skipped.
Assembly Unity.RenderPipelines.Universal.Editor.Tests.dll at Library/ScriptAssemblies/Unity.RenderPipelines.Universal.Editor.Tests.dll not valid. Loading of assembly skipped.
Assembly Unity.RenderPipelines.Universal.Runtime.Tests.dll at Library/ScriptAssemblies/Unity.RenderPipelines.Universal.Runtime.Tests.dll not valid. Loading of assembly skipped.
Assembly Unity.Searcher.EditorTests.dll at Library/ScriptAssemblies/Unity.Searcher.EditorTests.dll not valid. Loading of assembly skipped.
Assembly Unity.ShaderGraph.Editor.Tests.dll at Library/ScriptAssemblies/Unity.ShaderGraph.Editor.Tests.dll not valid. Loading of assembly skipped.
Assembly Unity.TextMeshPro.Editor.Tests.dll at Library/ScriptAssemblies/Unity.TextMeshPro.Editor.Tests.dll not valid. Loading of assembly skipped.
Assembly Unity.TextMeshPro.Tests.dll at Library/ScriptAssemblies/Unity.TextMeshPro.Tests.dll not valid. Loading of assembly skipped.
Assembly Unity.UnifiedRayTracing.Editor.Tests.dll at Library/ScriptAssemblies/Unity.UnifiedRayTracing.Editor.Tests.dll not valid. Loading of assembly skipped.
Assembly UnityEditor.UI.Common.Tests.dll at Library/ScriptAssemblies/UnityEditor.UI.Common.Tests.dll not valid. Loading of assembly skipped.
Assembly UnityEditor.UI.EditorTests.dll at Library/ScriptAssemblies/UnityEditor.UI.EditorTests.dll not valid. Loading of assembly skipped.
Assembly UnityEngine.UI.Tests.dll at Library/ScriptAssemblies/UnityEngine.UI.Tests.dll not valid. Loading of assembly skipped.
DirectoryNotFoundException: Could not find a part of the path "C:\tmp\LastHost_UnityProject_Test_20260706_return_grace_red_pkgtrim_e5bd86758e46457995764945ca512e76\Library\PackageCache\com.unity.collections@65f499a3cc26\Unity.Collections.Tests\System.Runtime.CompilerServices.Unsafe\System.Runtime.CompilerServices.Unsafe.dll"
  at System.IO.FileStream..ctor (System.String path, System.IO.FileMode mode, System.IO.FileAccess access, System.IO.FileShare share, System.Int32 bufferSize, System.Boolean anonymous, System.IO.FileOptions options) [0x0019e] in <f713e1c3c5f545ce9b1df47230f4f853>:0 
  at System.IO.FileStream..ctor (System.String path, System.IO.FileMode mode, System.IO.FileAccess access, System.IO.FileShare share) [0x00000] in <f713e1c3c5f545ce9b1df47230f4f853>:0 
  at (wrapper remoting-invoke-with-check) System.IO.FileStream..ctor(string,System.IO.FileMode,System.IO.FileAccess,System.IO.FileShare)
  at Mono.Cecil.ModuleDefinition.GetFileStream (System.String fileName, System.IO.FileMode mode, System.IO.FileAccess access, System.IO.FileShare share) [0x00006] in <4e339395f8074c75847e518298d9c5fd>:0 
  at Mono.Cecil.ModuleDefinition.ReadModule (System.String fileName, Mono.Cecil.ReaderParameters parameters) [0x00008] in <4e339395f8074c75847e518298d9c5fd>:0 
  at Mono.Cecil.AssemblyDefinition.ReadAssembly (System.String fileName, Mono.Cecil.ReaderParameters parameters) [0x00000] in <4e339395f8074c75847e518298d9c5fd>:0 
  at UnityEditor.AssemblyValidation.LoadAssemblyDefinitions (System.String[] assemblyPaths, System.String[] searchPaths) [0x00043] in <5fef58e500dd4224983b2c076ac56b86>:0 
  at UnityEditor.AssemblyValidation.ValidateAssemblies (System.String[] assemblyPaths, System.Boolean enableLogging) [0x00006] in <5fef58e500dd4224983b2c076ac56b86>:0 

Refreshing native plugins compatible for Editor in 7.20 ms, found 5 plugins.
Native extension for WindowsStandalone target not found
Native extension for WebGL target not found
Refreshing native plugins compatible for Editor in 11.23 ms, found 5 plugins.
ScheduleIndexationOnStartup MainProcess:True IndexOnStartup:True
Mono: successfully reloaded assembly
- Finished resetting the current domain, in  4.315 seconds
Domain Reload Profiling: 5437ms
	BeginReloadAssembly (406ms)
		DisableScriptedObjects (33ms)
		CreateAndSetChildDomain (168ms)
	RebuildCommonClasses (36ms)
	RebuildNativeTypeToScriptingClass (11ms)
	initialDomainReloadingComplete (119ms)
	LoadAllAssembliesAndSetupDomain (549ms)
		LoadAssemblies (363ms)
		AnalyzeDomain (321ms)
			TypeCache.Refresh (217ms)
				TypeCache.ScanAssembly (203ms)
			BuildScriptInfoCaches (93ms)
			ResolveRequiredComponents (10ms)
	FinalizeReload (4315ms)
		SetupLoadedEditorAssemblies (0ms)
			InitializePlatformSupportModulesInManaged (37ms)
			BeforeProcessingInitializeOnLoad (317ms)
			ProcessInitializeOnLoadAttributes (3431ms)
			ProcessInitializeOnLoadMethodAttributes (163ms)
			AfterProcessingInitializeOnLoad (18ms)
		AwakeInstancesAfterBackupRestoration (24ms)
(Values over 0.050ms)
Asset Pipeline Refresh (id=2520e147c26d2db45a02a361fad7f37f): Total: 7.487 seconds - Initiated by InitialRefreshV2(ForceSynchronousImport)
	Summary:
		Imports: total=0 (actual=0, local cache=0, cache server=0)
		Asset DB Process Time: managed=0 ms, native=5094 ms
		Asset DB Callback time: managed=35 ms, native=32 ms
		Scripting: domain reloads=1, domain reload time=1138 ms, compile time=1082 ms, other=102 ms
		Project Asset Count: scripts=1556, non-scripts=4546
		Asset File Changes: new=0, changed=0, moved=0, deleted=0
		Scan Filter Count: 0
	InvokePackagesCallback: 36.771ms
	ApplyChangesToAssetFolders: 1.086ms
	Scan: 221.643ms
	CategorizeScriptCompilationAssets: 67.862ms
	ProcessAssetsWithTransientArtifactChanges: 97.914ms
	CategorizeAssets: 70.451ms
	CompileScripts: 1082.168ms
	ImportOutOfDateAssets: 4342.859ms (4340.135ms without children)
		UnloadImportedAssets: 1.054ms
		EnsureUptoDateAssetsAreRegisteredWithGuidPM: 0.698ms
		OnDemandSchedulerStart: 0.931ms
	PostProcessAllAssets: 35.246ms
		MonoPostProcessAllAssets: 35.149ms
			SyncVS.PostprocessSyncProject 11.051ms
			UniversalRenderPipelineGlobalSettingsPostprocessor.OnPostprocessAllAssets 9.323ms
			SpeedTree9Postprocessor.OnPostprocessAllAssets 1.988ms
			WindowAssetPostprocessingWatcher.OnPostprocessAllAssets 1.932ms
			RenderPipelineGlobalSettingsPostprocessor.OnPostprocessAllAssets 1.350ms
			ReferencedClipsPostProcessor.OnPostprocessAllAssets 0.304ms
			InputActionAssetPostprocessor.OnPostprocessAllAssets 0.268ms
			TerrainToolbarOverlayPostProcessor.OnPostprocessAllAssets 0.217ms
			ProjectSettingsPostprocessor.OnPostprocessAllAssets 0.198ms
			AssetDatabaseCallbacks.OnPostprocessAllAssets 0.156ms
	UnloadStreamsBegin: 1.721ms
	PersistCurrentRevisions: 0.130ms
	GenerateScriptTypeHashes: 2.386ms
	GenerateScriptTypeSerializationHashes: 4.516ms
	Untracked: 1520.097ms

Application.AssetDatabase Initial Refresh End
Shader Hidden/ChartRasterizerHardware is not supported: GPU does not support conservative rasterization
Shader Hidden/ChartRasterizerHardware is not supported: GPU does not support conservative rasterization
Scanning for USB devices : 16.867ms
Initializing Unity extensions:
[MODES] ModeService[none].Initialize
[MODES] ModeService[none].LoadModes
[MODES] Loading mode Default (0) for mode-current-id-Last Host
Unloading 185 Unused Serialized files (Serialized files now loaded: 0)
Unloading 8209 unused Assets / (14.8 MB). Loaded Objects now: 8841.
Memory consumption went from 258.9 MB to 244.1 MB.
Total: 17.115000 ms (FindLiveObjects: 0.844800 ms CreateObjectMapping: 1.166400 ms MarkObjects: 7.145100 ms  DeleteObjects: 7.955000 ms)

Microsoft Media Foundation video decoding to texture disabled: graphics device is Null, only Direct3D 11 and Direct3D 12 (only on desktop) are supported for hardware-accelerated video decoding.
[Project] Loading completed in 11.469 seconds
	Project init time: 				10.894 seconds
		Template init time: 		0.000 seconds
		Package Manager init time: 		1.279 seconds
		Asset Database init time: 		0.214 seconds
		Global illumination init time: 	0.004 seconds
		Assemblies load time: 			1.011 seconds
		Unity extensions init time: 	0.045 seconds
		Asset Database refresh time: 	7.488 seconds
	Scene opening time: 			0.239 seconds
##utp:{"type":"ProjectInfo","version":2,"phase":"Immediate","time":1783319514777,"processId":47900,"projectLoad":11.4694785,"projectInit":10.8936339,"templateInit":0.0,"packageManagerInit":1.2792674,"assetDatabaseInit":0.2137422,"globalIlluminationInit":0.003657,"assembliesLoad":1.0105253,"unityExtensionsInit":0.0452973,"assetDatabaseRefresh":7.4878178,"sceneOpening":0.2392133}
##utp:{"type":"EditorInfo","version":2,"phase":"Immediate","time":1783319514777,"processId":47900,"editorVersion":"6000.4.6f1 (0b051c2e5d54)","branch":"6000.4/staging","buildType":"Release","platform":"Windows"}
[Licensing::Client] Successfully resolved entitlement details
Running tests for ExecutionSettings with details:
targetPlatform = 
playerHeartbeatTimeout = 600
filters[0] = 
   Filter with settings:
   testMode = EditMode
   targetPlatform = 
   testNames = null
   groupNames = null
   categoryNames = null
   assemblyNames = null
ignoreTests = {}
featureFlags = null

UnityEngine.Debug:ExtractStackTraceNoAlloc (byte*,int,string)
UnityEngine.StackTraceUtility:ExtractStackTrace ()
UnityEngine.DebugLogHandler:Internal_Log (UnityEngine.LogType,UnityEngine.LogOption,string,UnityEngine.Object)
UnityEngine.DebugLogHandler:LogFormat (UnityEngine.LogType,UnityEngine.Object,string,object[])
UnityEngine.Logger:Log (UnityEngine.LogType,object)
UnityEngine.Debug:Log (object)
UnityEditor.TestTools.TestRunner.CommandLineTest.Executer:InitializeAndExecuteRun (string[]) (at ./Library/PackageCache/com.unity.test-framework@76560ee600cb/UnityEditor.TestRunner/CommandLineTest/Executer.cs:53)
UnityEditor.TestTools.TestRunner.CommandLineTest.TestStarter:InitializeAndExecuteRun () (at ./Library/PackageCache/com.unity.test-framework@76560ee600cb/UnityEditor.TestRunner/CommandLineTest/TestStarter.cs:64)
UnityEditor.EditorApplication:Internal_CallUpdateFunctions ()

(Filename: ./Library/PackageCache/com.unity.test-framework@76560ee600cb/UnityEditor.TestRunner/CommandLineTest/Executer.cs Line: 53)

Start Indexing on Editor startup
[Indexing] Starting Initial Indexing for Assets
[UnityConnectServicesConfig] config is NOT valid, switching to default
Created GICache directory at C:/Users/User/AppData/LocalLow/Unity/Caches/GiCache. Took: 0.038s, timestamps: [11.480 - 11.518]
Starting new worker id: 0 with log in C:/tmp/LastHost_UnityProject_Test_20260706_return_grace_red_pkgtrim_e5bd86758e46457995764945ca512e76/Logs/AssetImportWorker0.log
Starting new worker id: 1 with log in C:/tmp/LastHost_UnityProject_Test_20260706_return_grace_red_pkgtrim_e5bd86758e46457995764945ca512e76/Logs/AssetImportWorker1.log
Starting new worker id: 2 with log in C:/tmp/LastHost_UnityProject_Test_20260706_return_grace_red_pkgtrim_e5bd86758e46457995764945ca512e76/Logs/AssetImportWorker2.log
[Licensing::Client] Successfully resolved entitlement details
Unloading 6 Unused Serialized files (Serialized files now loaded: 0)
Unloading 4 unused Assets / (57.3 KB). Loaded Objects now: 8868.
Memory consumption went from 210.6 MB to 210.6 MB.
Total: 13.683600 ms (FindLiveObjects: 0.338900 ms CreateObjectMapping: 0.175700 ms MarkObjects: 13.101600 ms  DeleteObjects: 0.065300 ms)

Executing IPrebuildSetup for: Unity.PerformanceTesting.Editor.TestRunBuilder.
UnityEngine.Debug:ExtractStackTraceNoAlloc (byte*,int,string)
UnityEngine.StackTraceUtility:ExtractStackTrace ()
UnityEngine.DebugLogHandler:Internal_Log (UnityEngine.LogType,UnityEngine.LogOption,string,UnityEngine.Object)
UnityEngine.DebugLogHandler:LogFormat (UnityEngine.LogType,UnityEngine.Object,string,object[])
UnityEngine.Logger:Log (UnityEngine.LogType,object)
UnityEngine.Debug:Log (object)
UnityEditor.TestTools.TestRunner.TestRun.Tasks.BuildActionTaskBase`1/<ExecuteMethods>d__8<UnityEngine.TestTools.IPrebuildSetup>:MoveNext () (at ./Library/PackageCache/com.unity.test-framework@76560ee600cb/UnityEditor.TestRunner/TestRun/Tasks/BuildActionTaskBase.cs:48)
UnityEditor.TestTools.TestRunner.TestRun.Tasks.BuildActionTaskBase`1/<Execute>d__7<UnityEngine.TestTools.IPrebuildSetup>:MoveNext () (at ./Library/PackageCache/com.unity.test-framework@76560ee600cb/UnityEditor.TestRunner/TestRun/Tasks/BuildActionTaskBase.cs:34)
UnityEditor.TestTools.TestRunner.TestRun.TestJobRunner:ExecuteStep () (at ./Library/PackageCache/com.unity.test-framework@76560ee600cb/UnityEditor.TestRunner/TestRun/TestJobRunner.cs:173)
UnityEditor.TestTools.TestRunner.TestRun.TestJobRunner:ExecuteCallback () (at ./Library/PackageCache/com.unity.test-framework@76560ee600cb/UnityEditor.TestRunner/TestRun/TestJobRunner.cs:108)
UnityEditor.EditorApplication:Internal_CallUpdateFunctions ()

(Filename: ./Library/PackageCache/com.unity.test-framework@76560ee600cb/UnityEditor.TestRunner/TestRun/Tasks/BuildActionTaskBase.cs Line: 48)

Opening scene 'Assets/_Project/Scenes/RatHostPrototype.unity'
Unloading 4 Unused Serialized files (Serialized files now loaded: 0)
Loaded scene 'Assets/_Project/Scenes/RatHostPrototype.unity'
	Deserialize:            18.431 ms
	Integration:            452.627 ms
	Integration of assets:  0.050 ms
	Thread Wait Time:       0.016 ms
	Total Operation Time:   471.124 ms
Unloading 1 unused Assets / (0.8 KB). Loaded Objects now: 9205.
Memory consumption went from 208.9 MB to 208.9 MB.
Total: 12.016000 ms (FindLiveObjects: 0.884800 ms CreateObjectMapping: 0.460300 ms MarkObjects: 10.642000 ms  DeleteObjects: 0.027700 ms)

Opening scene 'Assets/_Project/Scenes/RatHostPrototype.unity'
Unloading 2 Unused Serialized files (Serialized files now loaded: 0)
Loaded scene 'Assets/_Project/Scenes/RatHostPrototype.unity'
	Deserialize:            7.146 ms
	Integration:            394.831 ms
	Integration of assets:  0.003 ms
	Thread Wait Time:       0.012 ms
	Total Operation Time:   401.992 ms
Unloading 1 unused Assets / (0.5 KB). Loaded Objects now: 9205.
Memory consumption went from 208.5 MB to 208.5 MB.
Total: 13.773200 ms (FindLiveObjects: 1.018900 ms CreateObjectMapping: 0.347700 ms MarkObjects: 12.377100 ms  DeleteObjects: 0.028300 ms)

Opening scene 'Assets/_Project/Scenes/RatHostPrototype.unity'
Unloading 1 Unused Serialized files (Serialized files now loaded: 0)
Loaded scene 'Assets/_Project/Scenes/RatHostPrototype.unity'
	Deserialize:            6.652 ms
	Integration:            410.427 ms
	Integration of assets:  0.003 ms
	Thread Wait Time:       0.016 ms
	Total Operation Time:   417.096 ms
Unloading 1 unused Assets / (0.5 KB). Loaded Objects now: 9205.
Memory consumption went from 208.5 MB to 208.5 MB.
Total: 11.103700 ms (FindLiveObjects: 0.816900 ms CreateObjectMapping: 0.300500 ms MarkObjects: 9.956000 ms  DeleteObjects: 0.028900 ms)

Opening scene 'Assets/_Project/Scenes/RatHostPrototype.unity'
Unloading 1 Unused Serialized files (Serialized files now loaded: 0)
Loaded scene 'Assets/_Project/Scenes/RatHostPrototype.unity'
	Deserialize:            6.865 ms
	Integration:            429.382 ms
	Integration of assets:  0.004 ms
	Thread Wait Time:       0.012 ms
	Total Operation Time:   436.263 ms
Unloading 1 unused Assets / (0.5 KB). Loaded Objects now: 9205.
Memory consumption went from 208.5 MB to 208.5 MB.
Total: 14.967700 ms (FindLiveObjects: 0.670600 ms CreateObjectMapping: 0.247600 ms MarkObjects: 14.014500 ms  DeleteObjects: 0.034000 ms)

Opening scene 'Assets/_Project/Scenes/RatHostPrototype.unity'
Unloading 1 Unused Serialized files (Serialized files now loaded: 0)
Loaded scene 'Assets/_Project/Scenes/RatHostPrototype.unity'
	Deserialize:            7.019 ms
	Integration:            404.569 ms
	Integration of assets:  0.004 ms
	Thread Wait Time:       0.020 ms
	Total Operation Time:   411.612 ms
Unloading 1 unused Assets / (0.5 KB). Loaded Objects now: 9205.
Memory consumption went from 208.5 MB to 208.5 MB.
Total: 9.931900 ms (FindLiveObjects: 0.524000 ms CreateObjectMapping: 0.172700 ms MarkObjects: 9.194100 ms  DeleteObjects: 0.040100 ms)

Opening scene 'Assets/_Project/Scenes/RatHostPrototype.unity'
Unloading 1 Unused Serialized files (Serialized files now loaded: 0)
Worker ready: AssetImportWorker0 0
Worker ready: AssetImportWorker1 1
Worker ready: AssetImportWorker2 2
Loaded scene 'Assets/_Project/Scenes/RatHostPrototype.unity'
	Deserialize:            6.701 ms
	Integration:            419.600 ms
	Integration of assets:  0.003 ms
	Thread Wait Time:       0.020 ms
	Total Operation Time:   426.325 ms
Unloading 1 unused Assets / (0.5 KB). Loaded Objects now: 9205.
Memory consumption went from 209.3 MB to 209.3 MB.
Total: 14.004200 ms (FindLiveObjects: 0.754400 ms CreateObjectMapping: 0.294300 ms MarkObjects: 12.919400 ms  DeleteObjects: 0.035000 ms)

Saving results to: C:/Users/User/AppData/LocalLow/DefaultCompany/Last Host\TestResults.xml
Saving results to: C:\project\Last-Host\_workspace\active\2026-07-06-contamination-risk-zone-trigger\editmode-all-green6.xml
Executing IPostBuildCleanup for: Unity.PerformanceTesting.Editor.TestRunBuilder.
UnityEngine.Debug:ExtractStackTraceNoAlloc (byte*,int,string)
UnityEngine.StackTraceUtility:ExtractStackTrace ()
UnityEngine.DebugLogHandler:Internal_Log (UnityEngine.LogType,UnityEngine.LogOption,string,UnityEngine.Object)
UnityEngine.DebugLogHandler:LogFormat (UnityEngine.LogType,UnityEngine.Object,string,object[])
UnityEngine.Logger:Log (UnityEngine.LogType,object)
UnityEngine.Debug:Log (object)
UnityEditor.TestTools.TestRunner.TestRun.Tasks.BuildActionTaskBase`1/<ExecuteMethods>d__8<UnityEngine.TestTools.IPostBuildCleanup>:MoveNext () (at ./Library/PackageCache/com.unity.test-framework@76560ee600cb/UnityEditor.TestRunner/TestRun/Tasks/BuildActionTaskBase.cs:48)
UnityEditor.TestTools.TestRunner.TestRun.Tasks.BuildActionTaskBase`1/<Execute>d__7<UnityEngine.TestTools.IPostBuildCleanup>:MoveNext () (at ./Library/PackageCache/com.unity.test-framework@76560ee600cb/UnityEditor.TestRunner/TestRun/Tasks/BuildActionTaskBase.cs:34)
UnityEditor.TestTools.TestRunner.TestRun.TestJobRunner:ExecuteStep () (at ./Library/PackageCache/com.unity.test-framework@76560ee600cb/UnityEditor.TestRunner/TestRun/TestJobRunner.cs:173)
UnityEditor.TestTools.TestRunner.TestRun.TestJobRunner:ExecuteCallback () (at ./Library/PackageCache/com.unity.test-framework@76560ee600cb/UnityEditor.TestRunner/TestRun/TestJobRunner.cs:108)
UnityEditor.EditorApplication:Internal_CallUpdateFunctions ()

(Filename: ./Library/PackageCache/com.unity.test-framework@76560ee600cb/UnityEditor.TestRunner/TestRun/Tasks/BuildActionTaskBase.cs Line: 48)

Unloading 3 Unused Serialized files (Serialized files now loaded: 0)
Unloading 13 unused Assets / (5.3 KB). Loaded Objects now: 8876.
Memory consumption went from 211.4 MB to 211.4 MB.
Total: 11.863600 ms (FindLiveObjects: 0.410300 ms CreateObjectMapping: 0.170500 ms MarkObjects: 11.217900 ms  DeleteObjects: 0.063800 ms)

DisplayProgressbar: Undo
Test run completed. Exiting with code 0 (Ok). Run completed.
UnityEngine.Debug:ExtractStackTraceNoAlloc (byte*,int,string)
UnityEngine.StackTraceUtility:ExtractStackTrace ()
UnityEngine.DebugLogHandler:Internal_Log (UnityEngine.LogType,UnityEngine.LogOption,string,UnityEngine.Object)
UnityEngine.DebugLogHandler:LogFormat (UnityEngine.LogType,UnityEngine.Object,string,object[])
UnityEngine.Logger:Log (UnityEngine.LogType,object)
UnityEngine.Debug:Log (object)
UnityEditor.TestTools.TestRunner.CommandLineTest.Executer:ExitApplication (UnityEditor.TestTools.TestRunner.CommandLineTest.Executer/ReturnCodes,string) (at ./Library/PackageCache/com.unity.test-framework@76560ee600cb/UnityEditor.TestRunner/CommandLineTest/Executer.cs:81)
UnityEditor.TestTools.TestRunner.CommandLineTest.Executer:ExitIfRunIsCompleted () (at ./Library/PackageCache/com.unity.test-framework@76560ee600cb/UnityEditor.TestRunner/CommandLineTest/Executer.cs:74)
UnityEditor.EditorApplication:Internal_CallUpdateFunctions ()

(Filename: ./Library/PackageCache/com.unity.test-framework@76560ee600cb/UnityEditor.TestRunner/CommandLineTest/Executer.cs Line: 81)

Start importing ProjectSettings/EditorBuildSettings.asset using Guid(0000000000000000b000000000000000) (LibraryAssetImporter) -> (Import Result ID: 'af7e4231c151f3f60e03b1faa87ef48a') in 0.0107363 seconds [static dependencies only]. Details - ImportResultOutputID=d777934f36c664454d62eda103573334 DependenciesID=873ec69a78ac63af047d3e9f6c37bb7c StaticDependenciesID=f45b286c27e446f60641be8a562df8e2 
Refreshing native plugins compatible for Editor in 8.90 ms, found 5 plugins.
(Values over 0.050ms)
Asset Pipeline Refresh (id=e30df771b8460f642b48a043f386fcf2): Total: 0.365 seconds - Initiated by StopAssetImportingV2(NoUpdateAssetOptions)
	Summary:
		Imports: total=1 (actual=1, local cache=0, cache server=0)
		Asset DB Process Time: managed=3 ms, native=137 ms
		Asset DB Callback time: managed=197 ms, native=26 ms
		Scripting: domain reloads=0, domain reload time=0 ms, compile time=0 ms, other=0 ms
		Project Asset Count: scripts=1556, non-scripts=4546
		Asset File Changes: new=0, changed=0, moved=0, deleted=0
		Scan Filter Count: 1
	ApplyChangesToAssetFolders: 0.163ms
	Scan: 33.615ms
	ProcessAssetsWithTransientArtifactChanges: 0.116ms
	CategorizeAssets: 80.407ms
	ImportOutOfDateAssets: 16.472ms (0.589ms without children)
		ImportManagerImport: 13.308ms (1.694ms without children)
		ReloadNativeAssets: 0.098ms
		UnloadImportedAssets: 0.437ms
		EnsureUptoDateAssetsAreRegisteredWithGuidPM: 1.454ms
		OnDemandSchedulerStart: 0.585ms
	PostProcessAllAssets: 214.843ms
		XRBuildSystem.XRAssetImported 16.183ms
		MonoPostProcessAllAssets: 197.841ms
			AssetPostprocessor.OnPostprocessAllAssets 137.904ms
			StyleCatalogPostProcessor.OnPostprocessAllAssets 32.671ms
			BuilderAssetPostprocessor.OnPostprocessAllAssets 12.079ms
			SyncVS.PostprocessSyncProject 2.865ms
			ShaderGraphAssetPostProcessor.OnPostprocessAllAssets 1.776ms
			RetainedModeAssetPostprocessor.OnPostprocessAllAssets 1.625ms
			ArtifactBrowserPostProcessor.OnPostprocessAllAssets 1.009ms
			UVCSAssetPostprocessor.OnPostprocessAllAssets 0.641ms
			AudioMixerPostprocessor.OnPostprocessAllAssets 0.636ms
			ModelAssetProcessor.OnPostprocessAllAssets 0.477ms
			MaterialPostprocessor.OnPostprocessAllAssets 0.474ms
			TMPro_TexturePostProcessor.OnPostprocessAllAssets 0.435ms
			AssetEvents.OnPostprocessAllAssets 0.424ms
			TextAssetPostProcessor.OnPostprocessAllAssets 0.354ms
			RenderPipelineGlobalSettingsPostprocessor.OnPostprocessAllAssets 0.311ms
			PostProcessor.OnPostprocessAllAssets 0.284ms
			AssetChangedListener.OnPostprocessAllAssets 0.271ms
			InputActionJsonNameModifierAssetProcessor.OnPostprocessAllAssets 0.268ms
			ConfigAssetsTracker.OnPostprocessAllAssets 0.245ms
			ScenarioDriftAssetsTracker.OnPostprocessAllAssets 0.209ms
			AudioContainerPostProcessor.OnPostprocessAllAssets 0.183ms
			SamplePostprocessor.OnPostprocessAllAssets 0.146ms
			SpeedTreePostProcessor.OnPostprocessAllAssets 0.145ms
			InputActionAssetPostprocessor.OnPostprocessAllAssets 0.099ms
	PostAssetChangesProfiler: 9.529ms
	GatherAllCurrentPrimaryImportResultRevisions: 0.470ms
	PersistCurrentRevisions: 0.185ms
	Untracked: 9.543ms

[Physics::Module] Cleanup current backend.
[Physics::Module] Id: 0xf2b8ea05
Input System module state changed to: ShutdownInProgress.
Input Polling Thread exited.
Input System module state changed to: Shutdown.
[Licensing::IpcConnector] LicenseClient-bomi-6000.4.6-notifications channel disconnected successfully.
[Licensing::IpcConnector] LicenseClient-bomi-6000.4.6 channel disconnected successfully.
AcceleratorClientConnectionCallback - disconnected - :0
Cleanup mono
CodeReloadManager destroyed
Checking for leaked weakptr:
  Found no leaked weakptrs.
[Package Manager] Server process was shutdown
##utp:{"type":"MemoryLeaks","version":2,"phase":"Immediate","time":1783319521658,"processId":47900,"allocatedMemory":19569462,"memoryLabels":[{"Default":182908},{"Permanent":15276},{"NewDelete":65355},{"Thread":4230344},{"Manager":36173},{"VertexData":8},{"Geometry":816},{"Texture":24},{"Shader":852962},{"Material":24},{"GfxDevice":55321},{"Animation":392},{"Audio":3008},{"FreeType":8},{"FontEngine":736},{"Physics":2090},{"Physics2D":16},{"Serialization":952},{"Input":9880},{"JobScheduler":33024},{"TextLib":216},{"Mono":32},{"MonoCode":64},{"ScriptingNativeRuntime":155052},{"BaseObject":1620368},{"Resource":1184},{"Renderer":3008},{"Transform":4685},{"File":4017},{"WebCam":616},{"Culling":32},{"Terrain":11394},{"Wind":24},{"STL":40},{"String":13055},{"StaticString":6718},{"Utility":2672774},{"Curl":2559},{"PoolAlloc":2744},{"AI":80},{"TypeTree":13637},{"ScriptManager":448},{"RuntimeInitializeOnLoadManager":64},{"SpriteAtlas":120},{"GI":7792},{"Director":8320},{"CloudService":288},{"WebRequest":808},{"VR":48050},{"SceneManager":504},{"Video":64},{"LazyScriptCache":32},{"Camera":17},{"Secure":2113},{"SerializationCache":1576},{"APIUpdating":10320},{"Subsystems":336},{"VirtualTexturing":57888},{"StaticSafetyDebugInfo":278528},{"Analytics":336},{"Hierarchy":608},{"CoreStats":13032},{"Identifiers":12960},{"Gui":128},{"EditorUtility":111378},{"VersionControl":4},{"Undo":931},{"AssetDatabase":8957409},{"EditorGi":328},{"UnityConnect":37777},{"Upm":1912},{"UpmDiagnostics":8},{"AssetCompliance":64},{"DrivenProperties":72},{"LocalIPC":210},{"ProfilerEditor":9746},{"CoreBusinessMetrics":2595},{"Windowing":456},{"Licensing":664},{"AssetReference":32},{"IPCStream":32}]}
