[Licensing::Module] Trying to connect to existing licensing client channel...
Built from '6000.4/staging' branch; Version is '6000.4.6f1 (0b051c2e5d54) revision 722204'; Using compiler version '194234433'; Build Type 'Release'
[Licensing::IpcConnector] Successfully connected to: "LicenseClient-bomi" at "2026-07-06T06:20:10.1996881Z"
OS: 'Windows 10  (10.0.19045) 64bit Core' Language: 'ko' Physical Memory: 49060 MB
BatchMode: 1, IsHumanControllingUs: 0, StartBugReporterOnCrash: 0, Is64bit: 1
System  architecture: x64
Process architecture: x64
Date: 2026-07-06T06:20:10Z

COMMAND LINE ARGUMENTS:
C:\Program Files\Unity\Hub\Editor\6000.4.6f1\Editor\Unity.exe
-batchmode
-nographics
-projectPath
C:\Users\User\AppData\Local\Temp\LastHost_UnityProject_Test_20260706_return_grace_red_78e2d2e80a74419fbc1adaaf856bd8d7
-runTests
-testPlatform
editmode
-testResults
C:\project\Last-Host\_workspace\active\2026-07-06-contamination-risk-zone-trigger\editmode-return-grace-red.xml
-logFile
C:\project\Last-Host\_workspace\active\2026-07-06-contamination-risk-zone-trigger\editmode-return-grace-red.log
-testFilter
LastHost.Prototype.Tests.EditMode.RatHostPrototypeCoreTests.ImmuneRiskZone_MutationReturnGraceSuppressesImmediateContaminationOnly
Successfully changed project path to: C:\Users\User\AppData\Local\Temp\LastHost_UnityProject_Test_20260706_return_grace_red_78e2d2e80a74419fbc1adaaf856bd8d7
C:/Users/User/AppData/Local/Temp/LastHost_UnityProject_Test_20260706_return_grace_red_78e2d2e80a74419fbc1adaaf856bd8d7
[UnityMemory] Configuration Parameters - Can be set up in boot.config
    "memorysetup-temp-allocator-size-gi-baking-worker=262144"
    "memorysetup-temp-allocator-size-gi-baking-worker=262144"
    "memorysetup-temp-allocator-size-gi-baking-worker=262144"
    "memorysetup-temp-allocator-size-gi-baking-worker=262144"
    "memorysetup-temp-allocator-size-gi-baking-worker=262144"
    "memorysetup-temp-allocator-size-nav-mesh-worker=65536"
    "memorysetup-temp-allocator-size-audio-worker=65536"
    "memorysetup-temp-allocator-size-cloud-worker=32768"
    "memorysetup-temp-allocator-size-gfx=262144"
    "memorysetup-temp-allocator-size-preload-manager=33554432"
    "memorysetup-temp-allocator-size-job-worker=262144"
    "memorysetup-temp-allocator-size-background-worker=32768"
    "memorysetup-allocator-temp-initial-block-size-main=262144"
    "memorysetup-allocator-temp-initial-block-size-worker=262144"
    "memorysetup-bucket-allocator-granularity=16"
    "memorysetup-bucket-allocator-bucket-count=8"
    "memorysetup-bucket-allocator-block-size=33554432"
    "memorysetup-bucket-allocator-block-count=8"
    "memorysetup-main-allocator-block-size=16777216"
    "memorysetup-thread-allocator-block-size=16777216"
    "memorysetup-gfx-main-allocator-block-size=16777216"
    "memorysetup-gfx-thread-allocator-block-size=16777216"
    "memorysetup-cache-allocator-block-size=4194304"
    "memorysetup-typetree-allocator-block-size=2097152"
    "memorysetup-profiler-bucket-allocator-granularity=16"
    "memorysetup-profiler-bucket-allocator-bucket-count=8"
    "memorysetup-profiler-bucket-allocator-block-size=33554432"
    "memorysetup-profiler-bucket-allocator-block-count=8"
    "memorysetup-profiler-allocator-block-size=16777216"
    "memorysetup-profiler-editor-allocator-block-size=1048576"
    "memorysetup-temp-allocator-size-main=16777216"
    "memorysetup-job-temp-allocator-block-size=2097152"
    "memorysetup-job-temp-allocator-block-size-background=1048576"
    "memorysetup-job-temp-allocator-reduction-small-platforms=262144"
Player connection [62088]  Target information:

Player connection [62088]  * "[IP] 192.168.219.101 [Port] 55505 [Flags] 2 [Guid] 153293921 [EditorId] 153293921 [Version] 1048832 [Id] WindowsEditor(7,DESKTOP-3DBIB3O) [Debug] 1 [PackageName] WindowsEditor [ProjectName] Editor" 

Player connection [62088]  * "[IP] 172.25.64.1 [Port] 55505 [Flags] 2 [Guid] 153293921 [EditorId] 153293921 [Version] 1048832 [Id] WindowsEditor(7,DESKTOP-3DBIB3O) [Debug] 1 [PackageName] WindowsEditor [ProjectName] Editor" 

Player connection [62088] Host joined multi-casting on [225.0.0.222:54997]...
Player connection [62088] Host joined alternative multi-casting on [225.0.0.222:34997]...
Input System module state changed to: Initialized.
[Physics::Module] Initialized fallback backend.
[Physics::Module] Id: 0xdecafbad
[Package Manager] Connected to IPC stream "Upm-17800" after 0.3 seconds.
[Licensing::Module] Licensing is not yet initialized.
[Licensing::Client] Error: HandshakeResponse reported an error:
	ResponseCode: 505
	ResponseStatus: Unsupported protocol version '1.18.1'.
[Licensing::Module] Error: Failed to handshake to channel: "LicenseClient-bomi"
[Licensing::IpcConnector] LicenseClient-bomi channel disconnected successfully.
[Licensing::IpcConnector] Successfully connected to: "LicenseClient-bomi-6000.4.6" at "2026-07-06T06:20:11.5656335Z"
[Licensing::Client] Code 10 while verifying Licensing Client signature (process Id: 37704, path: "C:/Program Files/Unity/Hub/Editor/6000.4.6f1/Editor/Data/Resources/Licensing/Client/Unity.Licensing.Client.exe")
[Licensing::Module] LicensingClient has failed validation; ignoring
[Licensing::Client] Handshaking with LicensingClient:
  Version:                 1.18.1+9fbee8e
  Session Id:              32fa36beae324fbaaa0f7234c7146def
  Correlation Id:          206bda34aa3277d37d831e18b80ed72c
  External correlation Id: 1284267017301874487
  Machine Id:              8iF7dbUL+YuDd5WWihfViePFuPw=
[Licensing::Module] Successfully connected to LicensingClient on channel: "LicenseClient-bomi-6000.4.6" (connect: 0.00s, validation: 0.00s, handshake: 0.01s)
[Licensing::IpcConnector] Successfully connected to: "LicenseClient-bomi-6000.4.6-notifications" at "2026-07-06T06:20:11.5727914Z"
[Licensing::Module] Error: Access token is unavailable; failed to update
[Licensing::Client] Successfully resolved entitlement details
[Licensing::Module] License group:
  Id: 14569752646128-UnityPersXXXX
  Product: Unity Personal
  Type: Assigned
  Expiration: Unlimited
[Licensing::Client] Successfully updated license, isAsync: True, time: 0.00
[Licensing::Module] Licensing Background thread has ended after 1.38s
[Licensing::Module] Licensing is initialized (took 0.76s).
[Licensing::Client] Successfully resolved entitlement details
Library Redirect Path: Library/
Rebuilding Library because the asset database could not be found!
[Physics::Module] Selected backend.
[Physics::Module] Name: PhysX
[Physics::Module] Id: 0xf2b8ea05
[Physics::Module] SDK Version: 4.1.2
[Physics::Module] Integration Version: 1.0.0
[Physics::Module] Threading Mode: Multi-Threaded
Initialize engine version: 6000.4.6f1 (0b051c2e5d54)
[Subsystems] Discovering subsystems at path C:/Program Files/Unity/Hub/Editor/6000.4.6f1/Editor/Data/Resources/UnitySubsystems
[Subsystems] Discovering subsystems at path C:/Users/User/AppData/Local/Temp/LastHost_UnityProject_Test_20260706_return_grace_red_78e2d2e80a74419fbc1adaaf856bd8d7/Assets
Forcing GfxDevice: Null
GfxDevice: creating device client; kGfxThreadingModeNonThreaded
NullGfxDevice:
    Version:  NULL 1.0 [1.0]
    Renderer: Null Device
    Vendor:   Unity Technologies
Initialize mono
Mono path[0] = 'C:/Program Files/Unity/Hub/Editor/6000.4.6f1/Editor/Data/Managed'
Mono path[1] = 'C:/Program Files/Unity/Hub/Editor/6000.4.6f1/Editor/Data/MonoBleedingEdge/lib/mono/unityjit-win32'
Mono config path = 'C:/Program Files/Unity/Hub/Editor/6000.4.6f1/Editor/Data/MonoBleedingEdge/etc'
Using monoOptions --debugger-agent=transport=dt_socket,embedding=1,server=y,suspend=n,address=127.0.0.1:56800
CodeReloadManager initialized
Using cacheserver namespaces - metadata:defaultmetadata, artifacts:defaultartifacts
Using cacheserver namespaces - metadata:defaultmetadata, artifacts:defaultartifacts
ImportWorker Server TCP listen port: 0
AcceleratorClientConnectionCallback - disconnected - :0
Begin MonoManager ReloadAssembly
Registering precompiled unity dll's ...
Register platform support module: C:/Program Files/Unity/Hub/Editor/6000.4.6f1/Editor/Data/PlaybackEngines/WebGLSupport/UnityEditor.WebGL.Extensions.dll
Register platform support module: C:/Program Files/Unity/Hub/Editor/6000.4.6f1/Editor/Data/PlaybackEngines/WindowsStandaloneSupport/UnityEditor.WindowsStandalone.Extensions.dll
Registered in 0.005882 seconds.
Native extension for WindowsStandalone target not found
Native extension for WebGL target not found
Package Manager log level set to [2]
ScheduleIndexationOnStartup MainProcess:False IndexOnStartup:True
Mono: successfully reloaded assembly
- Finished resetting the current domain, in  0.394 seconds
Domain Reload Profiling: 957ms
	BeginReloadAssembly (180ms)
		CreateAndSetChildDomain (14ms)
	RebuildCommonClasses (57ms)
	RebuildNativeTypeToScriptingClass (19ms)
	initialDomainReloadingComplete (98ms)
	LoadAllAssembliesAndSetupDomain (207ms)
		LoadAssemblies (158ms)
		AnalyzeDomain (197ms)
			TypeCache.Refresh (195ms)
				TypeCache.ScanAssembly (179ms)
	FinalizeReload (395ms)
		SetupLoadedEditorAssemblies (0ms)
			InitializePlatformSupportModulesInManaged (50ms)
			BeforeProcessingInitializeOnLoad (82ms)
			ProcessInitializeOnLoadAttributes (114ms)
			ProcessInitializeOnLoadMethodAttributes (92ms)
[Licensing::Client] Successfully resolved entitlement details
Application.AssetDatabase Initial Refresh Start
[Package Manager] Done resolving packages in 48.78 seconds
[Licensing::Client] Successfully resolved entitlement details
An error occurred while resolving packages:
  One or more packages could not be added to the local file system:
    com.unity.ai.assistant: EPERM: operation not permitted, rename 'C:\Users\User\AppData\Local\Temp\LastHost_UnityProject_Test_20260706_return_grace_red_78e2d2e80a74419fbc1adaaf856bd8d7\Library\PackageCache\.tmp-40732-fJyi3Os7yNsT\package' -> 'C:\Users\User\AppData\Local\Temp\LastHost_UnityProject_Test_20260706_return_grace_red_78e2d2e80a74419fbc1adaaf856bd8d7\Library\PackageCache\com.unity.ai.assistant@6fee27370e6a'
Exiting without the bug reporter. Application will terminate with return code 1