[Licensing::Module] Trying to connect to existing licensing client channel...
Built from '6000.4/staging' branch; Version is '6000.4.6f1 (0b051c2e5d54) revision 722204'; Using compiler version '194234433'; Build Type 'Release'
[Licensing::IpcConnector] Successfully connected to: "LicenseClient-bomi" at "2026-07-06T01:53:29.2447999Z"
OS: 'Windows 10  (10.0.19045) 64bit Core' Language: 'ko' Physical Memory: 49060 MB
BatchMode: 1, IsHumanControllingUs: 0, StartBugReporterOnCrash: 0, Is64bit: 1
System  architecture: x64
Process architecture: x64
Date: 2026-07-06T01:53:29Z

COMMAND LINE ARGUMENTS:
C:\Program Files\Unity\Hub\Editor\6000.4.6f1\Editor\Unity.exe
-batchmode
-nographics
-quit
-projectPath
C:\Users\User\AppData\Local\Temp\LastHost_UnityProject_Test_20260706_toxic_red
-runTests
-testPlatform
EditMode
-testResults
C:\project\Last-Host\_workspace\active\2026-07-06-contamination-risk-zone-trigger\editmode-toxic-red.xml
-logFile
C:\project\Last-Host\_workspace\active\2026-07-06-contamination-risk-zone-trigger\editmode-toxic-red-rerun.log
-testFilter
LastHost.Prototype.Tests.EditMode.RatHostPrototypeCoreTests.RatHostPrototypeScene_ToxicWaterRiskZoneSupportsCharacterControllerTriggerDelivery
Successfully changed project path to: C:\Users\User\AppData\Local\Temp\LastHost_UnityProject_Test_20260706_toxic_red
C:/Users/User/AppData/Local/Temp/LastHost_UnityProject_Test_20260706_toxic_red
[UnityMemory] Configuration Parameters - Can be set up in boot.config
    "memorysetup-temp-allocator-size-gi-baking-worker=262144"
    "memorysetup-temp-allocator-size-gi-baking-worker=262144"
    "memorysetup-temp-allocator-size-gi-baking-worker=262144"
    "memorysetup-temp-allocator-size-gi-baking-worker=262144"
    "memorysetup-temp-allocator-size-gi-baking-worker=262144"
    "memorysetup-temp-allocator-size-nav-mesh-worker=65536"
    "memorysetup-temp-allocator-size-audio-worker=65536"
    "memorysetup-temp-allocator-size-cloud-worker=32768"
    "memorysetup-temp-allocator-size-gfx=262144"
    "memorysetup-temp-allocator-size-preload-manager=33554432"
    "memorysetup-temp-allocator-size-job-worker=262144"
    "memorysetup-temp-allocator-size-background-worker=32768"
    "memorysetup-allocator-temp-initial-block-size-main=262144"
    "memorysetup-allocator-temp-initial-block-size-worker=262144"
    "memorysetup-bucket-allocator-granularity=16"
    "memorysetup-bucket-allocator-bucket-count=8"
    "memorysetup-bucket-allocator-block-size=33554432"
    "memorysetup-bucket-allocator-block-count=8"
    "memorysetup-main-allocator-block-size=16777216"
    "memorysetup-thread-allocator-block-size=16777216"
    "memorysetup-gfx-main-allocator-block-size=16777216"
    "memorysetup-gfx-thread-allocator-block-size=16777216"
    "memorysetup-cache-allocator-block-size=4194304"
    "memorysetup-typetree-allocator-block-size=2097152"
    "memorysetup-profiler-bucket-allocator-granularity=16"
    "memorysetup-profiler-bucket-allocator-bucket-count=8"
    "memorysetup-profiler-bucket-allocator-block-size=33554432"
    "memorysetup-profiler-bucket-allocator-block-count=8"
    "memorysetup-profiler-allocator-block-size=16777216"
    "memorysetup-profiler-editor-allocator-block-size=1048576"
    "memorysetup-temp-allocator-size-main=16777216"
    "memorysetup-job-temp-allocator-block-size=2097152"
    "memorysetup-job-temp-allocator-block-size-background=1048576"
    "memorysetup-job-temp-allocator-reduction-small-platforms=262144"
Player connection [57064]  Target information:

Player connection [57064]  * "[IP] 192.168.219.101 [Port] 55505 [Flags] 2 [Guid] 1000158837 [EditorId] 1000158837 [Version] 1048832 [Id] WindowsEditor(7,DESKTOP-3DBIB3O) [Debug] 1 [PackageName] WindowsEditor [ProjectName] Editor" 

Player connection [57064]  * "[IP] 172.25.64.1 [Port] 55505 [Flags] 2 [Guid] 1000158837 [EditorId] 1000158837 [Version] 1048832 [Id] WindowsEditor(7,DESKTOP-3DBIB3O) [Debug] 1 [PackageName] WindowsEditor [ProjectName] Editor" 

Player connection [57064] Host joined multi-casting on [225.0.0.222:54997]...
Player connection [57064] Host joined alternative multi-casting on [225.0.0.222:34997]...
Input System module state changed to: Initialized.
[Physics::Module] Initialized fallback backend.
[Physics::Module] Id: 0xdecafbad
[Package Manager] Connected to IPC stream "Upm-56460" after 0.3 seconds.
[Licensing::Module] Licensing is not yet initialized.
[Licensing::Client] Error: HandshakeResponse reported an error:
	ResponseCode: 505
	ResponseStatus: Unsupported protocol version '1.18.1'.
[Licensing::Module] Error: Failed to handshake to channel: "LicenseClient-bomi"
[Licensing::IpcConnector] LicenseClient-bomi channel disconnected successfully.
[Licensing::IpcConnector] Successfully connected to: "LicenseClient-bomi-6000.4.6" at "2026-07-06T01:53:30.5188983Z"
[Licensing::Client] Code 10 while verifying Licensing Client signature (process Id: 37704, path: "C:/Program Files/Unity/Hub/Editor/6000.4.6f1/Editor/Data/Resources/Licensing/Client/Unity.Licensing.Client.exe")
[Licensing::Module] LicensingClient has failed validation; ignoring
[Licensing::Client] Handshaking with LicensingClient:
  Version:                 1.18.1+9fbee8e
  Session Id:              47e0f98838414015890d4648d4c312c4
  Correlation Id:          206bda34aa3277d37d831e18b80ed72c
  External correlation Id: 8372779012977452056
  Machine Id:              8iF7dbUL+YuDd5WWihfViePFuPw=
[Licensing::Module] Successfully connected to LicensingClient on channel: "LicenseClient-bomi-6000.4.6" (connect: 0.00s, validation: 0.00s, handshake: 0.01s)
[Licensing::IpcConnector] Successfully connected to: "LicenseClient-bomi-6000.4.6-notifications" at "2026-07-06T01:53:30.5261782Z"
[Licensing::Module] Error: Access token is unavailable; failed to update
[Licensing::Client] Successfully resolved entitlement details
[Licensing::Module] License group:
  Id: 14569752646128-UnityPersXXXX
  Product: Unity Personal
  Type: Assigned
  Expiration: Unlimited
[Licensing::Client] Successfully updated license, isAsync: True, time: 0.00
[Licensing::Module] Licensing Background thread has ended after 1.28s
[Licensing::Module] Licensing is initialized (took 0.86s).
[Licensing::Client] Successfully resolved entitlement details
Library Redirect Path: Library/
[Physics::Module] Selected backend.
[Physics::Module] Name: PhysX
[Physics::Module] Id: 0xf2b8ea05
[Physics::Module] SDK Version: 4.1.2
[Physics::Module] Integration Version: 1.0.0
[Physics::Module] Threading Mode: Multi-Threaded
Initialize engine version: 6000.4.6f1 (0b051c2e5d54)
[Subsystems] Discovering subsystems at path C:/Program Files/Unity/Hub/Editor/6000.4.6f1/Editor/Data/Resources/UnitySubsystems
[Subsystems] Discovering subsystems at path C:/Users/User/AppData/Local/Temp/LastHost_UnityProject_Test_20260706_toxic_red/Assets
Forcing GfxDevice: Null
GfxDevice: creating device client; kGfxThreadingModeNonThreaded
NullGfxDevice:
    Version:  NULL 1.0 [1.0]
    Renderer: Null Device
    Vendor:   Unity Technologies
Initialize mono
Mono path[0] = 'C:/Program Files/Unity/Hub/Editor/6000.4.6f1/Editor/Data/Managed'
Mono path[1] = 'C:/Program Files/Unity/Hub/Editor/6000.4.6f1/Editor/Data/MonoBleedingEdge/lib/mono/unityjit-win32'
Mono config path = 'C:/Program Files/Unity/Hub/Editor/6000.4.6f1/Editor/Data/MonoBleedingEdge/etc'
Using monoOptions --debugger-agent=transport=dt_socket,embedding=1,server=y,suspend=n,address=127.0.0.1:56460
CodeReloadManager initialized
Using cacheserver namespaces - metadata:defaultmetadata, artifacts:defaultartifacts
Using cacheserver namespaces - metadata:defaultmetadata, artifacts:defaultartifacts
ImportWorker Server TCP listen port: 0
AcceleratorClientConnectionCallback - disconnected - :0
Begin MonoManager ReloadAssembly
Registering precompiled unity dll's ...
Register platform support module: C:/Program Files/Unity/Hub/Editor/6000.4.6f1/Editor/Data/PlaybackEngines/WebGLSupport/UnityEditor.WebGL.Extensions.dll
Register platform support module: C:/Program Files/Unity/Hub/Editor/6000.4.6f1/Editor/Data/PlaybackEngines/WindowsStandaloneSupport/UnityEditor.WindowsStandalone.Extensions.dll
Registered in 0.007073 seconds.
Native extension for WindowsStandalone target not found
Native extension for WebGL target not found
Package Manager log level set to [2]
ScheduleIndexationOnStartup MainProcess:False IndexOnStartup:True
Mono: successfully reloaded assembly
- Finished resetting the current domain, in  0.373 seconds
Domain Reload Profiling: 901ms
	BeginReloadAssembly (180ms)
		CreateAndSetChildDomain (14ms)
	RebuildCommonClasses (39ms)
	RebuildNativeTypeToScriptingClass (11ms)
	initialDomainReloadingComplete (101ms)
	LoadAllAssembliesAndSetupDomain (196ms)
		LoadAssemblies (158ms)
		AnalyzeDomain (187ms)
			TypeCache.Refresh (186ms)
				TypeCache.ScanAssembly (172ms)
	FinalizeReload (374ms)
		SetupLoadedEditorAssemblies (0ms)
			InitializePlatformSupportModulesInManaged (52ms)
			BeforeProcessingInitializeOnLoad (79ms)
			ProcessInitializeOnLoadAttributes (103ms)
			ProcessInitializeOnLoadMethodAttributes (82ms)
[Licensing::Client] Successfully resolved entitlement details
Application.AssetDatabase Initial Refresh Start
[Package Manager] Restoring resolved packages state from cache
[Licensing::Client] Successfully resolved entitlement details
[Package Manager] Registered 61 packages:
  Packages from [https://packages.unity.com]:
    com.unity.ai.assistant@2.13.0-pre.2 (location: C:\Users\User\AppData\Local\Temp\LastHost_UnityProject_Test_20260706_toxic_red\Library\PackageCache\com.unity.ai.assistant@6fee27370e6a)
    com.unity.ai.inference@2.6.1 (location: C:\Users\User\AppData\Local\Temp\LastHost_UnityProject_Test_20260706_toxic_red\Library\PackageCache\com.unity.ai.inference@9a123aee5df7)
    com.unity.ai.navigation@2.0.12 (location: C:\Users\User\AppData\Local\Temp\LastHost_UnityProject_Test_20260706_toxic_red\Library\PackageCache\com.unity.ai.navigation@734c2c4c5591)
    com.unity.collab-proxy@2.12.4 (location: C:\Users\User\AppData\Local\Temp\LastHost_UnityProject_Test_20260706_toxic_red\Library\PackageCache\com.unity.collab-proxy@0b1559bcd34e)
    com.unity.ide.visualstudio@2.0.27 (location: C:\Users\User\AppData\Local\Temp\LastHost_UnityProject_Test_20260706_toxic_red\Library\PackageCache\com.unity.ide.visualstudio@dc1ddd4f09b6)
    com.unity.inputsystem@1.19.0 (location: C:\Users\User\AppData\Local\Temp\LastHost_UnityProject_Test_20260706_toxic_red\Library\PackageCache\com.unity.inputsystem@21a28c3a6c83)
    com.unity.timeline@1.8.12 (location: C:\Users\User\AppData\Local\Temp\LastHost_UnityProject_Test_20260706_toxic_red\Library\PackageCache\com.unity.timeline@8cd8509afae5)
    com.unity.visualscripting@1.9.11 (location: C:\Users\User\AppData\Local\Temp\LastHost_UnityProject_Test_20260706_toxic_red\Library\PackageCache\com.unity.visualscripting@8bed5ad90189)
    com.unity.burst@1.8.29 (location: C:\Users\User\AppData\Local\Temp\LastHost_UnityProject_Test_20260706_toxic_red\Library\PackageCache\com.unity.burst@6bb9aca3ef38)
    com.unity.dt.app-ui@2.1.1 (location: C:\Users\User\AppData\Local\Temp\LastHost_UnityProject_Test_20260706_toxic_red\Library\PackageCache\com.unity.dt.app-ui@8ac7e730dd5d)
    com.unity.nuget.newtonsoft-json@3.2.2 (location: C:\Users\User\AppData\Local\Temp\LastHost_UnityProject_Test_20260706_toxic_red\Library\PackageCache\com.unity.nuget.newtonsoft-json@4dfd81071c64)
    com.unity.mathematics@1.3.3 (location: C:\Users\User\AppData\Local\Temp\LastHost_UnityProject_Test_20260706_toxic_red\Library\PackageCache\com.unity.mathematics@19a9377c4ffa)
    com.unity.nuget.mono-cecil@1.11.6 (location: C:\Users\User\AppData\Local\Temp\LastHost_UnityProject_Test_20260706_toxic_red\Library\PackageCache\com.unity.nuget.mono-cecil@ecb9724e46ff)
    com.unity.searcher@4.9.4 (location: C:\Users\User\AppData\Local\Temp\LastHost_UnityProject_Test_20260706_toxic_red\Library\PackageCache\com.unity.searcher@d45a78918735)
    com.unity.test-framework.performance@3.4.0 (location: C:\Users\User\AppData\Local\Temp\LastHost_UnityProject_Test_20260706_toxic_red\Library\PackageCache\com.unity.test-framework.performance@aa81a99c4a75)
  Built-in packages:
    com.unity.multiplayer.center@1.0.1 (location: C:\Users\User\AppData\Local\Temp\LastHost_UnityProject_Test_20260706_toxic_red\Library\PackageCache\com.unity.multiplayer.center@f01f4ba8d00a)
    com.unity.render-pipelines.universal@17.4.0 (location: C:\Users\User\AppData\Local\Temp\LastHost_UnityProject_Test_20260706_toxic_red\Library\PackageCache\com.unity.render-pipelines.universal@0d0659f1368d)
    com.unity.test-framework@1.6.0 (location: C:\Users\User\AppData\Local\Temp\LastHost_UnityProject_Test_20260706_toxic_red\Library\PackageCache\com.unity.test-framework@76560ee600cb)
    com.unity.ugui@2.0.0 (location: C:\Users\User\AppData\Local\Temp\LastHost_UnityProject_Test_20260706_toxic_red\Library\PackageCache\com.unity.ugui@473409526770)
    com.unity.modules.accessibility@1.0.0 (location: C:\Users\User\AppData\Local\Temp\LastHost_UnityProject_Test_20260706_toxic_red\Library\PackageCache\com.unity.modules.accessibility)
    com.unity.modules.adaptiveperformance@1.0.0 (location: C:\Users\User\AppData\Local\Temp\LastHost_UnityProject_Test_20260706_toxic_red\Library\PackageCache\com.unity.modules.adaptiveperformance)
    com.unity.modules.ai@1.0.0 (location: C:\Users\User\AppData\Local\Temp\LastHost_UnityProject_Test_20260706_toxic_red\Library\PackageCache\com.unity.modules.ai)
    com.unity.modules.androidjni@1.0.0 (location: C:\Users\User\AppData\Local\Temp\LastHost_UnityProject_Test_20260706_toxic_red\Library\PackageCache\com.unity.modules.androidjni)
    com.unity.modules.animation@1.0.0 (location: C:\Users\User\AppData\Local\Temp\LastHost_UnityProject_Test_20260706_toxic_red\Library\PackageCache\com.unity.modules.animation)
    com.unity.modules.assetbundle@1.0.0 (location: C:\Users\User\AppData\Local\Temp\LastHost_UnityProject_Test_20260706_toxic_red\Library\PackageCache\com.unity.modules.assetbundle)
    com.unity.modules.audio@1.0.0 (location: C:\Users\User\AppData\Local\Temp\LastHost_UnityProject_Test_20260706_toxic_red\Library\PackageCache\com.unity.modules.audio)
    com.unity.modules.cloth@1.0.0 (location: C:\Users\User\AppData\Local\Temp\LastHost_UnityProject_Test_20260706_toxic_red\Library\PackageCache\com.unity.modules.cloth)
    com.unity.modules.director@1.0.0 (location: C:\Users\User\AppData\Local\Temp\LastHost_UnityProject_Test_20260706_toxic_red\Library\PackageCache\com.unity.modules.director)
    com.unity.modules.imageconversion@1.0.0 (location: C:\Users\User\AppData\Local\Temp\LastHost_UnityProject_Test_20260706_toxic_red\Library\PackageCache\com.unity.modules.imageconversion)
    com.unity.modules.imgui@1.0.0 (location: C:\Users\User\AppData\Local\Temp\LastHost_UnityProject_Test_20260706_toxic_red\Library\PackageCache\com.unity.modules.imgui)
    com.unity.modules.jsonserialize@1.0.0 (location: C:\Users\User\AppData\Local\Temp\LastHost_UnityProject_Test_20260706_toxic_red\Library\PackageCache\com.unity.modules.jsonserialize)
    com.unity.modules.particlesystem@1.0.0 (location: C:\Users\User\AppData\Local\Temp\LastHost_UnityProject_Test_20260706_toxic_red\Library\PackageCache\com.unity.modules.particlesystem)
    com.unity.modules.physics@1.0.0 (location: C:\Users\User\AppData\Local\Temp\LastHost_UnityProject_Test_20260706_toxic_red\Library\PackageCache\com.unity.modules.physics)
    com.unity.modules.physics2d@1.0.0 (location: C:\Users\User\AppData\Local\Temp\LastHost_UnityProject_Test_20260706_toxic_red\Library\PackageCache\com.unity.modules.physics2d)
    com.unity.modules.screencapture@1.0.0 (location: C:\Users\User\AppData\Local\Temp\LastHost_UnityProject_Test_20260706_toxic_red\Library\PackageCache\com.unity.modules.screencapture)
    com.unity.modules.terrain@1.0.0 (location: C:\Users\User\AppData\Local\Temp\LastHost_UnityProject_Test_20260706_toxic_red\Library\PackageCache\com.unity.modules.terrain)
    com.unity.modules.terrainphysics@1.0.0 (location: C:\Users\User\AppData\Local\Temp\LastHost_UnityProject_Test_20260706_toxic_red\Library\PackageCache\com.unity.modules.terrainphysics)
    com.unity.modules.tilemap@1.0.0 (location: C:\Users\User\AppData\Local\Temp\LastHost_UnityProject_Test_20260706_toxic_red\Library\PackageCache\com.unity.modules.tilemap)
    com.unity.modules.ui@1.0.0 (location: C:\Users\User\AppData\Local\Temp\LastHost_UnityProject_Test_20260706_toxic_red\Library\PackageCache\com.unity.modules.ui)
    com.unity.modules.uielements@1.0.0 (location: C:\Users\User\AppData\Local\Temp\LastHost_UnityProject_Test_20260706_toxic_red\Library\PackageCache\com.unity.modules.uielements)
    com.unity.modules.umbra@1.0.0 (location: C:\Users\User\AppData\Local\Temp\LastHost_UnityProject_Test_20260706_toxic_red\Library\PackageCache\com.unity.modules.umbra)
    com.unity.modules.unityanalytics@1.0.0 (location: C:\Users\User\AppData\Local\Temp\LastHost_UnityProject_Test_20260706_toxic_red\Library\PackageCache\com.unity.modules.unityanalytics)
    com.unity.modules.unitywebrequest@1.0.0 (location: C:\Users\User\AppData\Local\Temp\LastHost_UnityProject_Test_20260706_toxic_red\Library\PackageCache\com.unity.modules.unitywebrequest)
    com.unity.modules.unitywebrequestassetbundle@1.0.0 (location: C:\Users\User\AppData\Local\Temp\LastHost_UnityProject_Test_20260706_toxic_red\Library\PackageCache\com.unity.modules.unitywebrequestassetbundle)
    com.unity.modules.unitywebrequestaudio@1.0.0 (location: C:\Users\User\AppData\Local\Temp\LastHost_UnityProject_Test_20260706_toxic_red\Library\PackageCache\com.unity.modules.unitywebrequestaudio)
    com.unity.modules.unitywebrequesttexture@1.0.0 (location: C:\Users\User\AppData\Local\Temp\LastHost_UnityProject_Test_20260706_toxic_red\Library\PackageCache\com.unity.modules.unitywebrequesttexture)
    com.unity.modules.unitywebrequestwww@1.0.0 (location: C:\Users\User\AppData\Local\Temp\LastHost_UnityProject_Test_20260706_toxic_red\Library\PackageCache\com.unity.modules.unitywebrequestwww)
    com.unity.modules.vectorgraphics@1.0.0 (location: C:\Users\User\AppData\Local\Temp\LastHost_UnityProject_Test_20260706_toxic_red\Library\PackageCache\com.unity.modules.vectorgraphics)
    com.unity.modules.vehicles@1.0.0 (location: C:\Users\User\AppData\Local\Temp\LastHost_UnityProject_Test_20260706_toxic_red\Library\PackageCache\com.unity.modules.vehicles)
    com.unity.modules.video@1.0.0 (location: C:\Users\User\AppData\Local\Temp\LastHost_UnityProject_Test_20260706_toxic_red\Library\PackageCache\com.unity.modules.video)
    com.unity.modules.vr@1.0.0 (location: C:\Users\User\AppData\Local\Temp\LastHost_UnityProject_Test_20260706_toxic_red\Library\PackageCache\com.unity.modules.vr)
    com.unity.modules.wind@1.0.0 (location: C:\Users\User\AppData\Local\Temp\LastHost_UnityProject_Test_20260706_toxic_red\Library\PackageCache\com.unity.modules.wind)
    com.unity.modules.xr@1.0.0 (location: C:\Users\User\AppData\Local\Temp\LastHost_UnityProject_Test_20260706_toxic_red\Library\PackageCache\com.unity.modules.xr)
    com.unity.modules.subsystems@1.0.0 (location: C:\Users\User\AppData\Local\Temp\LastHost_UnityProject_Test_20260706_toxic_red\Library\PackageCache\com.unity.modules.subsystems)
    com.unity.modules.hierarchycore@1.0.0 (location: C:\Users\User\AppData\Local\Temp\LastHost_UnityProject_Test_20260706_toxic_red\Library\PackageCache\com.unity.modules.hierarchycore)
    com.unity.ext.nunit@2.0.5 (location: C:\Users\User\AppData\Local\Temp\LastHost_UnityProject_Test_20260706_toxic_red\Library\PackageCache\com.unity.ext.nunit@d8c07649098d)
    com.unity.render-pipelines.core@17.4.0 (location: C:\Users\User\AppData\Local\Temp\LastHost_UnityProject_Test_20260706_toxic_red\Library\PackageCache\com.unity.render-pipelines.core@630143bbfe2b)
    com.unity.shadergraph@17.4.0 (location: C:\Users\User\AppData\Local\Temp\LastHost_UnityProject_Test_20260706_toxic_red\Library\PackageCache\com.unity.shadergraph@04a6ef07359e)
    com.unity.render-pipelines.universal-config@17.4.0 (location: C:\Users\User\AppData\Local\Temp\LastHost_UnityProject_Test_20260706_toxic_red\Library\PackageCache\com.unity.render-pipelines.universal-config@0db4263b9e6b)
    com.unity.collections@6.4.0 (location: C:\Users\User\AppData\Local\Temp\LastHost_UnityProject_Test_20260706_toxic_red\Library\PackageCache\com.unity.collections@65f499a3cc26)
    com.unity.2d.sprite@1.0.0 (location: C:\Users\User\AppData\Local\Temp\LastHost_UnityProject_Test_20260706_toxic_red\Library\PackageCache\com.unity.2d.sprite@929df5adbb1f)
[Subsystems] No new subsystems found in resolved package list.
[Package Manager] Could not restore immutable package asset: Packages/com.unity.modules.accessibility/04a6ef07359e/Editor/Generation/Contexts/TargetSetupContext.cs.
[Package Manager] Could not restore immutable package asset: Packages/com.unity.modules.accessibility/04a6ef07359e/Editor/Generation/Processors/ShaderSpliceUtil.cs.
[Package Manager] Could not restore immutable package asset: Packages/com.unity.modules.accessibility/04a6ef07359e/Editor/Generation/Targets/BuiltIn/Editor/ShaderGraph/Targets/BuiltInCanvasSubTarget.cs.
[Package Manager] Could not restore immutable package asset: Packages/com.unity.modules.accessibility/04a6ef07359e/Editor/Generation/Targets/BuiltIn/Editor/ShaderGraph/Targets/BuiltInLitSubTarget.cs.
[Package Manager] Could not restore immutable package asset: Packages/com.unity.modules.accessibility/04a6ef07359e/Editor/Generation/Targets/BuiltIn/Editor/ShaderGraph/Targets/BuiltInTarget.cs.
[Package Manager] Could not restore immutable package asset: Packages/com.unity.modules.accessibility/04a6ef07359e/Editor/Generation/Targets/CustomRenderTexture/CustomRenderTextureTarget.cs.
[Package Manager] Could not restore immutable package asset: Packages/com.unity.modules.accessibility/04a6ef07359e/Editor/Generation/Targets/CustomRenderTexture/CustomTextureSubTarget.cs.
[Package Manager] Could not restore immutable package asset: Packages/com.unity.modules.accessibility/04a6ef07359e/Editor/Generation/Targets/Fullscreen/FullscreenSubTarget.cs.
[Package Manager] Could not restore immutable package asset: Packages/com.unity.modules.adaptiveperformance/04a6ef07359e/Editor/Generation/Contexts/TargetSetupContext.cs.
[Package Manager] Could not restore immutable package asset: Packages/com.unity.modules.adaptiveperformance/04a6ef07359e/Editor/Generation/Processors/ShaderSpliceUtil.cs.
[Package Manager] Could not restore immutable package asset: Packages/com.unity.modules.adaptiveperformance/04a6ef07359e/Editor/Generation/Targets/BuiltIn/Editor/ShaderGraph/Targets/BuiltInCanvasSubTarget.cs.
[Package Manager] Could not restore immutable package asset: Packages/com.unity.modules.adaptiveperformance/04a6ef07359e/Editor/Generation/Targets/BuiltIn/Editor/ShaderGraph/Targets/BuiltInLitSubTarget.cs.
[Package Manager] Could not restore immutable package asset: Packages/com.unity.modules.adaptiveperformance/04a6ef07359e/Editor/Generation/Targets/BuiltIn/Editor/ShaderGraph/Targets/BuiltInTarget.cs.
[Package Manager] Could not restore immutable package asset: Packages/com.unity.modules.adaptiveperformance/04a6ef07359e/Editor/Generation/Targets/CustomRenderTexture/CustomRenderTextureTarget.cs.
[Package Manager] Could not restore immutable package asset: Packages/com.unity.modules.adaptiveperformance/04a6ef07359e/Editor/Generation/Targets/CustomRenderTexture/CustomTextureSubTarget.cs.
[Package Manager] Could not restore immutable package asset: Packages/com.unity.modules.adaptiveperformance/04a6ef07359e/Editor/Generation/Targets/Fullscreen/FullscreenSubTarget.cs.
[Package Manager] Could not restore immutable package asset: Packages/com.unity.modules.ai/04a6ef07359e/Editor/Generation/Contexts/TargetSetupContext.cs.
[Package Manager] Could not restore immutable package asset: Packages/com.unity.modules.ai/04a6ef07359e/Editor/Generation/Processors/ShaderSpliceUtil.cs.
[Package Manager] Could not restore immutable package asset: Packages/com.unity.modules.ai/04a6ef07359e/Editor/Generation/Targets/BuiltIn/Editor/ShaderGraph/Targets/BuiltInCanvasSubTarget.cs.
[Package Manager] Could not restore immutable package asset: Packages/com.unity.modules.ai/04a6ef07359e/Editor/Generation/Targets/BuiltIn/Editor/ShaderGraph/Targets/BuiltInLitSubTarget.cs.
[Package Manager] Could not restore immutable package asset: Packages/com.unity.modules.ai/04a6ef07359e/Editor/Generation/Targets/BuiltIn/Editor/ShaderGraph/Targets/BuiltInTarget.cs.
[Package Manager] Could not restore immutable package asset: Packages/com.unity.modules.ai/04a6ef07359e/Editor/Generation/Targets/CustomRenderTexture/CustomRenderTextureTarget.cs.
[Package Manager] Could not restore immutable package asset: Packages/com.unity.modules.ai/04a6ef07359e/Editor/Generation/Targets/CustomRenderTexture/CustomTextureSubTarget.cs.
[Package Manager] Could not restore immutable package asset: Packages/com.unity.modules.ai/04a6ef07359e/Editor/Generation/Targets/Fullscreen/FullscreenSubTarget.cs.
[Package Manager] Could not restore immutable package asset: Packages/com.unity.modules.androidjni/04a6ef07359e/Editor/Generation/Contexts/TargetSetupContext.cs.
[Package Manager] Could not restore immutable package asset: Packages/com.unity.modules.androidjni/04a6ef07359e/Editor/Generation/Processors/ShaderSpliceUtil.cs.
[Package Manager] Could not restore immutable package asset: Packages/com.unity.modules.androidjni/04a6ef07359e/Editor/Generation/Targets/BuiltIn/Editor/ShaderGraph/Targets/BuiltInCanvasSubTarget.cs.
[Package Manager] Could not restore immutable package asset: Packages/com.unity.modules.androidjni/04a6ef07359e/Editor/Generation/Targets/BuiltIn/Editor/ShaderGraph/Targets/BuiltInLitSubTarget.cs.
[Package Manager] Could not restore immutable package asset: Packages/com.unity.modules.androidjni/04a6ef07359e/Editor/Generation/Targets/BuiltIn/Editor/ShaderGraph/Targets/BuiltInTarget.cs.
[Package Manager] Could not restore immutable package asset: Packages/com.unity.modules.androidjni/04a6ef07359e/Editor/Generation/Targets/CustomRenderTexture/CustomRenderTextureTarget.cs.
[Package Manager] Could not restore immutable package asset: Packages/com.unity.modules.androidjni/04a6ef07359e/Editor/Generation/Targets/CustomRenderTexture/CustomTextureSubTarget.cs.
[Package Manager] Could not restore immutable package asset: Packages/com.unity.modules.androidjni/04a6ef07359e/Editor/Generation/Targets/Fullscreen/FullscreenSubTarget.cs.
[Package Manager] Could not restore immutable package asset: Packages/com.unity.modules.animation/04a6ef07359e/Editor/Generation/Contexts/TargetSetupContext.cs.
[Package Manager] Could not restore immutable package asset: Packages/com.unity.modules.animation/04a6ef07359e/Editor/Generation/Processors/ShaderSpliceUtil.cs.
[Package Manager] Could not restore immutable package asset: Packages/com.unity.modules.animation/04a6ef07359e/Editor/Generation/Targets/BuiltIn/Editor/ShaderGraph/Targets/BuiltInCanvasSubTarget.cs.
[Package Manager] Could not restore immutable package asset: Packages/com.unity.modules.animation/04a6ef07359e/Editor/Generation/Targets/BuiltIn/Editor/ShaderGraph/Targets/BuiltInLitSubTarget.cs.
[Package Manager] Could not restore immutable package asset: Packages/com.unity.modules.animation/04a6ef07359e/Editor/Generation/Targets/BuiltIn/Editor/ShaderGraph/Targets/BuiltInTarget.cs.
[Package Manager] Could not restore immutable package asset: Packages/com.unity.modules.animation/04a6ef07359e/Editor/Generation/Targets/CustomRenderTexture/CustomRenderTextureTarget.cs.
[Package Manager] Could not restore immutable package asset: Packages/com.unity.modules.animation/04a6ef07359e/Editor/Generation/Targets/CustomRenderTexture/CustomTextureSubTarget.cs.
[Package Manager] Could not restore immutable package asset: Packages/com.unity.modules.animation/04a6ef07359e/Editor/Generation/Targets/Fullscreen/FullscreenSubTarget.cs.
[Package Manager] Could not restore immutable package asset: Packages/com.unity.modules.assetbundle/04a6ef07359e/Editor/Generation/Contexts/TargetSetupContext.cs.
[Package Manager] Could not restore immutable package asset: Packages/com.unity.modules.assetbundle/04a6ef07359e/Editor/Generation/Processors/ShaderSpliceUtil.cs.
[Package Manager] Could not restore immutable package asset: Packages/com.unity.modules.assetbundle/04a6ef07359e/Editor/Generation/Targets/BuiltIn/Editor/ShaderGraph/Targets/BuiltInCanvasSubTarget.cs.
[Package Manager] Could not restore immutable package asset: Packages/com.unity.modules.assetbundle/04a6ef07359e/Editor/Generation/Targets/BuiltIn/Editor/ShaderGraph/Targets/BuiltInLitSubTarget.cs.
[Package Manager] Could not restore immutable package asset: Packages/com.unity.modules.assetbundle/04a6ef07359e/Editor/Generation/Targets/BuiltIn/Editor/ShaderGraph/Targets/BuiltInTarget.cs.
[Package Manager] Could not restore immutable package asset: Packages/com.unity.modules.assetbundle/04a6ef07359e/Editor/Generation/Targets/CustomRenderTexture/CustomRenderTextureTarget.cs.
[Package Manager] Could not restore immutable package asset: Packages/com.unity.modules.assetbundle/04a6ef07359e/Editor/Generation/Targets/CustomRenderTexture/CustomTextureSubTarget.cs.
[Package Manager] Could not restore immutable package asset: Packages/com.unity.modules.assetbundle/04a6ef07359e/Editor/Generation/Targets/Fullscreen/FullscreenSubTarget.cs.
[Package Manager] Could not restore immutable package asset: Packages/com.unity.modules.audio/04a6ef07359e/Editor/Generation/Contexts/TargetSetupContext.cs.
[Package Manager] Could not restore immutable package asset: Packages/com.unity.modules.audio/04a6ef07359e/Editor/Generation/Processors/ShaderSpliceUtil.cs.
[Package Manager] Could not restore immutable package asset: Packages/com.unity.modules.audio/04a6ef07359e/Editor/Generation/Targets/BuiltIn/Editor/ShaderGraph/Targets/BuiltInCanvasSubTarget.cs.
[Package Manager] Could not restore immutable package asset: Packages/com.unity.modules.audio/04a6ef07359e/Editor/Generation/Targets/BuiltIn/Editor/ShaderGraph/Targets/BuiltInLitSubTarget.cs.
[Package Manager] Could not restore immutable package asset: Packages/com.unity.modules.audio/04a6ef07359e/Editor/Generation/Targets/BuiltIn/Editor/ShaderGraph/Targets/BuiltInTarget.cs.
[Package Manager] Could not restore immutable package asset: Packages/com.unity.modules.audio/04a6ef07359e/Editor/Generation/Targets/CustomRenderTexture/CustomRenderTextureTarget.cs.
[Package Manager] Could not restore immutable package asset: Packages/com.unity.modules.audio/04a6ef07359e/Editor/Generation/Targets/CustomRenderTexture/CustomTextureSubTarget.cs.
[Package Manager] Could not restore immutable package asset: Packages/com.unity.modules.audio/04a6ef07359e/Editor/Generation/Targets/Fullscreen/FullscreenSubTarget.cs.
[Package Manager] Could not restore immutable package asset: Packages/com.unity.modules.cloth/04a6ef07359e/Editor/Generation/Contexts/TargetSetupContext.cs.
[Package Manager] Could not restore immutable package asset: Packages/com.unity.modules.cloth/04a6ef07359e/Editor/Generation/Processors/ShaderSpliceUtil.cs.
[Package Manager] Could not restore immutable package asset: Packages/com.unity.modules.cloth/04a6ef07359e/Editor/Generation/Targets/BuiltIn/Editor/ShaderGraph/Targets/BuiltInCanvasSubTarget.cs.
[Package Manager] Could not restore immutable package asset: Packages/com.unity.modules.cloth/04a6ef07359e/Editor/Generation/Targets/BuiltIn/Editor/ShaderGraph/Targets/BuiltInLitSubTarget.cs.
[Package Manager] Could not restore immutable package asset: Packages/com.unity.modules.cloth/04a6ef07359e/Editor/Generation/Targets/BuiltIn/Editor/ShaderGraph/Targets/BuiltInTarget.cs.
[Package Manager] Could not restore immutable package asset: Packages/com.unity.modules.cloth/04a6ef07359e/Editor/Generation/Targets/CustomRenderTexture/CustomRenderTextureTarget.cs.
[Package Manager] Could not restore immutable package asset: Packages/com.unity.modules.cloth/04a6ef07359e/Editor/Generation/Targets/CustomRenderTexture/CustomTextureSubTarget.cs.
[Package Manager] Could not restore immutable package asset: Packages/com.unity.modules.cloth/04a6ef07359e/Editor/Generation/Targets/Fullscreen/FullscreenSubTarget.cs.
[Package Manager] Could not restore immutable package asset: Packages/com.unity.modules.director/04a6ef07359e/Editor/Generation/Contexts/TargetSetupContext.cs.
[Package Manager] Could not restore immutable package asset: Packages/com.unity.modules.director/04a6ef07359e/Editor/Generation/Processors/ShaderSpliceUtil.cs.
[Package Manager] Could not restore immutable package asset: Packages/com.unity.modules.director/04a6ef07359e/Editor/Generation/Targets/BuiltIn/Editor/ShaderGraph/Targets/BuiltInCanvasSubTarget.cs.
[Package Manager] Could not restore immutable package asset: Packages/com.unity.modules.director/04a6ef07359e/Editor/Generation/Targets/BuiltIn/Editor/ShaderGraph/Targets/BuiltInLitSubTarget.cs.
[Package Manager] Could not restore immutable package asset: Packages/com.unity.modules.director/04a6ef07359e/Editor/Generation/Targets/BuiltIn/Editor/ShaderGraph/Targets/BuiltInTarget.cs.
[Package Manager] Could not restore immutable package asset: Packages/com.unity.modules.director/04a6ef07359e/Editor/Generation/Targets/CustomRenderTexture/CustomRenderTextureTarget.cs.
[Package Manager] Could not restore immutable package asset: Packages/com.unity.modules.director/04a6ef07359e/Editor/Generation/Targets/CustomRenderTexture/CustomTextureSubTarget.cs.
[Package Manager] Could not restore immutable package asset: Packages/com.unity.modules.director/04a6ef07359e/Editor/Generation/Targets/Fullscreen/FullscreenSubTarget.cs.
[Package Manager] Could not restore immutable package asset: Packages/com.unity.modules.imageconversion/04a6ef07359e/Editor/Generation/Contexts/TargetSetupContext.cs.
[Package Manager] Could not restore immutable package asset: Packages/com.unity.modules.imageconversion/04a6ef07359e/Editor/Generation/Processors/ShaderSpliceUtil.cs.
[Package Manager] Could not restore immutable package asset: Packages/com.unity.modules.imageconversion/04a6ef07359e/Editor/Generation/Targets/BuiltIn/Editor/ShaderGraph/Targets/BuiltInCanvasSubTarget.cs.
[Package Manager] Could not restore immutable package asset: Packages/com.unity.modules.imageconversion/04a6ef07359e/Editor/Generation/Targets/BuiltIn/Editor/ShaderGraph/Targets/BuiltInLitSubTarget.cs.
[Package Manager] Could not restore immutable package asset: Packages/com.unity.modules.imageconversion/04a6ef07359e/Editor/Generation/Targets/BuiltIn/Editor/ShaderGraph/Targets/BuiltInTarget.cs.
[Package Manager] Could not restore immutable package asset: Packages/com.unity.modules.imageconversion/04a6ef07359e/Editor/Generation/Targets/CustomRenderTexture/CustomRenderTextureTarget.cs.
[Package Manager] Could not restore immutable package asset: Packages/com.unity.modules.imageconversion/04a6ef07359e/Editor/Generation/Targets/CustomRenderTexture/CustomTextureSubTarget.cs.
[Package Manager] Could not restore immutable package asset: Packages/com.unity.modules.imageconversion/04a6ef07359e/Editor/Generation/Targets/Fullscreen/FullscreenSubTarget.cs.
[Package Manager] Could not restore immutable package asset: Packages/com.unity.modules.imgui/04a6ef07359e/Editor/Generation/Contexts/TargetSetupContext.cs.
[Package Manager] Could not restore immutable package asset: Packages/com.unity.modules.imgui/04a6ef07359e/Editor/Generation/Processors/ShaderSpliceUtil.cs.
[Package Manager] Could not restore immutable package asset: Packages/com.unity.modules.imgui/04a6ef07359e/Editor/Generation/Targets/BuiltIn/Editor/ShaderGraph/Targets/BuiltInCanvasSubTarget.cs.
[Package Manager] Could not restore immutable package asset: Packages/com.unity.modules.imgui/04a6ef07359e/Editor/Generation/Targets/BuiltIn/Editor/ShaderGraph/Targets/BuiltInLitSubTarget.cs.
[Package Manager] Could not restore immutable package asset: Packages/com.unity.modules.imgui/04a6ef07359e/Editor/Generation/Targets/BuiltIn/Editor/ShaderGraph/Targets/BuiltInTarget.cs.
[Package Manager] Could not restore immutable package asset: Packages/com.unity.modules.imgui/04a6ef07359e/Editor/Generation/Targets/CustomRenderTexture/CustomRenderTextureTarget.cs.
[Package Manager] Could not restore immutable package asset: Packages/com.unity.modules.imgui/04a6ef07359e/Editor/Generation/Targets/CustomRenderTexture/CustomTextureSubTarget.cs.
[Package Manager] Could not restore immutable package asset: Packages/com.unity.modules.imgui/04a6ef07359e/Editor/Generation/Targets/Fullscreen/FullscreenSubTarget.cs.
[Package Manager] Could not restore immutable package asset: Packages/com.unity.modules.jsonserialize/04a6ef07359e/Editor/Generation/Contexts/TargetSetupContext.cs.
[Package Manager] Could not restore immutable package asset: Packages/com.unity.modules.jsonserialize/04a6ef07359e/Editor/Generation/Processors/ShaderSpliceUtil.cs.
[Package Manager] Could not restore immutable package asset: Packages/com.unity.modules.jsonserialize/04a6ef07359e/Editor/Generation/Targets/BuiltIn/Editor/ShaderGraph/Targets/BuiltInCanvasSubTarget.cs.
[Package Manager] Could not restore immutable package asset: Packages/com.unity.modules.jsonserialize/04a6ef07359e/Editor/Generation/Targets/BuiltIn/Editor/ShaderGraph/Targets/BuiltInLitSubTarget.cs.
[Package Manager] Could not restore immutable package asset: Packages/com.unity.modules.jsonserialize/04a6ef07359e/Editor/Generation/Targets/BuiltIn/Editor/ShaderGraph/Targets/BuiltInTarget.cs.
[Package Manager] Could not restore immutable package asset: Packages/com.unity.modules.jsonserialize/04a6ef07359e/Editor/Generation/Targets/CustomRenderTexture/CustomRenderTextureTarget.cs.
[Package Manager] Could not restore immutable package asset: Packages/com.unity.modules.jsonserialize/04a6ef07359e/Editor/Generation/Targets/CustomRenderTexture/CustomTextureSubTarget.cs.
[Package Manager] Could not restore immutable package asset: Packages/com.unity.modules.jsonserialize/04a6ef07359e/Editor/Generation/Targets/Fullscreen/FullscreenSubTarget.cs.
[Package Manager] Could not restore immutable package asset: Packages/com.unity.modules.particlesystem/04a6ef07359e/Editor/Generation/Contexts/TargetSetupContext.cs.
[Package Manager] Could not restore immutable package asset: Packages/com.unity.modules.particlesystem/04a6ef07359e/Editor/Generation/Processors/ShaderSpliceUtil.cs.
[Package Manager] Could not restore immutable package asset: Packages/com.unity.modules.particlesystem/04a6ef07359e/Editor/Generation/Targets/BuiltIn/Editor/ShaderGraph/Targets/BuiltInCanvasSubTarget.cs.
[Package Manager] Could not restore immutable package asset: Packages/com.unity.modules.particlesystem/04a6ef07359e/Editor/Generation/Targets/BuiltIn/Editor/ShaderGraph/Targets/BuiltInLitSubTarget.cs.
[Package Manager] Could not restore immutable package asset: Packages/com.unity.modules.particlesystem/04a6ef07359e/Editor/Generation/Targets/BuiltIn/Editor/ShaderGraph/Targets/BuiltInTarget.cs.
[Package Manager] Could not restore immutable package asset: Packages/com.unity.modules.particlesystem/04a6ef07359e/Editor/Generation/Targets/CustomRenderTexture/CustomRenderTextureTarget.cs.
[Package Manager] Could not restore immutable package asset: Packages/com.unity.modules.particlesystem/04a6ef07359e/Editor/Generation/Targets/CustomRenderTexture/CustomTextureSubTarget.cs.
[Package Manager] Could not restore immutable package asset: Packages/com.unity.modules.particlesystem/04a6ef07359e/Editor/Generation/Targets/Fullscreen/FullscreenSubTarget.cs.
[Package Manager] Could not restore immutable package asset: Packages/com.unity.modules.physics/04a6ef07359e/Editor/Generation/Contexts/TargetSetupContext.cs.
[Package Manager] Could not restore immutable package asset: Packages/com.unity.modules.physics/04a6ef07359e/Editor/Generation/Processors/ShaderSpliceUtil.cs.
[Package Manager] Could not restore immutable package asset: Packages/com.unity.modules.physics/04a6ef07359e/Editor/Generation/Targets/BuiltIn/Editor/ShaderGraph/Targets/BuiltInCanvasSubTarget.cs.
[Package Manager] Could not restore immutable package asset: Packages/com.unity.modules.physics/04a6ef07359e/Editor/Generation/Targets/BuiltIn/Editor/ShaderGraph/Targets/BuiltInLitSubTarget.cs.
[Package Manager] Could not restore immutable package asset: Packages/com.unity.modules.physics/04a6ef07359e/Editor/Generation/Targets/BuiltIn/Editor/ShaderGraph/Targets/BuiltInTarget.cs.
[Package Manager] Could not restore immutable package asset: Packages/com.unity.modules.physics/04a6ef07359e/Editor/Generation/Targets/CustomRenderTexture/CustomRenderTextureTarget.cs.
[Package Manager] Could not restore immutable package asset: Packages/com.unity.modules.physics/04a6ef07359e/Editor/Generation/Targets/CustomRenderTexture/CustomTextureSubTarget.cs.
[Package Manager] Could not restore immutable package asset: Packages/com.unity.modules.physics/04a6ef07359e/Editor/Generation/Targets/Fullscreen/FullscreenSubTarget.cs.
[Package Manager] Could not restore immutable package asset: Packages/com.unity.modules.physics2d/04a6ef07359e/Editor/Generation/Contexts/TargetSetupContext.cs.
[Package Manager] Could not restore immutable package asset: Packages/com.unity.modules.physics2d/04a6ef07359e/Editor/Generation/Processors/ShaderSpliceUtil.cs.
[Package Manager] Could not restore immutable package asset: Packages/com.unity.modules.physics2d/04a6ef07359e/Editor/Generation/Targets/BuiltIn/Editor/ShaderGraph/Targets/BuiltInCanvasSubTarget.cs.
[Package Manager] Could not restore immutable package asset: Packages/com.unity.modules.physics2d/04a6ef07359e/Editor/Generation/Targets/BuiltIn/Editor/ShaderGraph/Targets/BuiltInLitSubTarget.cs.
[Package Manager] Could not restore immutable package asset: Packages/com.unity.modules.physics2d/04a6ef07359e/Editor/Generation/Targets/BuiltIn/Editor/ShaderGraph/Targets/BuiltInTarget.cs.
[Package Manager] Could not restore immutable package asset: Packages/com.unity.modules.physics2d/04a6ef07359e/Editor/Generation/Targets/CustomRenderTexture/CustomRenderTextureTarget.cs.
[Package Manager] Could not restore immutable package asset: Packages/com.unity.modules.physics2d/04a6ef07359e/Editor/Generation/Targets/CustomRenderTexture/CustomTextureSubTarget.cs.
[Package Manager] Could not restore immutable package asset: Packages/com.unity.modules.physics2d/04a6ef07359e/Editor/Generation/Targets/Fullscreen/FullscreenSubTarget.cs.
[Package Manager] Could not restore immutable package asset: Packages/com.unity.modules.screencapture/04a6ef07359e/Editor/Generation/Contexts/TargetSetupContext.cs.
[Package Manager] Could not restore immutable package asset: Packages/com.unity.modules.screencapture/04a6ef07359e/Editor/Generation/Processors/ShaderSpliceUtil.cs.
[Package Manager] Could not restore immutable package asset: Packages/com.unity.modules.screencapture/04a6ef07359e/Editor/Generation/Targets/BuiltIn/Editor/ShaderGraph/Targets/BuiltInCanvasSubTarget.cs.
[Package Manager] Could not restore immutable package asset: Packages/com.unity.modules.screencapture/04a6ef07359e/Editor/Generation/Targets/BuiltIn/Editor/ShaderGraph/Targets/BuiltInLitSubTarget.cs.
[Package Manager] Could not restore immutable package asset: Packages/com.unity.modules.screencapture/04a6ef07359e/Editor/Generation/Targets/BuiltIn/Editor/ShaderGraph/Targets/BuiltInTarget.cs.
[Package Manager] Could not restore immutable package asset: Packages/com.unity.modules.screencapture/04a6ef07359e/Editor/Generation/Targets/CustomRenderTexture/CustomRenderTextureTarget.cs.
[Package Manager] Could not restore immutable package asset: Packages/com.unity.modules.screencapture/04a6ef07359e/Editor/Generation/Targets/CustomRenderTexture/CustomTextureSubTarget.cs.
[Package Manager] Could not restore immutable package asset: Packages/com.unity.modules.screencapture/04a6ef07359e/Editor/Generation/Targets/Fullscreen/FullscreenSubTarget.cs.
[Package Manager] Could not restore immutable package asset: Packages/com.unity.modules.terrain/04a6ef07359e/Editor/Generation/Contexts/TargetSetupContext.cs.
[Package Manager] Could not restore immutable package asset: Packages/com.unity.modules.terrain/04a6ef07359e/Editor/Generation/Processors/ShaderSpliceUtil.cs.
[Package Manager] Could not restore immutable package asset: Packages/com.unity.modules.terrain/04a6ef07359e/Editor/Generation/Targets/BuiltIn/Editor/ShaderGraph/Targets/BuiltInCanvasSubTarget.cs.
[Package Manager] Could not restore immutable package asset: Packages/com.unity.modules.terrain/04a6ef07359e/Editor/Generation/Targets/BuiltIn/Editor/ShaderGraph/Targets/BuiltInLitSubTarget.cs.
[Package Manager] Could not restore immutable package asset: Packages/com.unity.modules.terrain/04a6ef07359e/Editor/Generation/Targets/BuiltIn/Editor/ShaderGraph/Targets/BuiltInTarget.cs.
[Package Manager] Could not restore immutable package asset: Packages/com.unity.modules.terrain/04a6ef07359e/Editor/Generation/Targets/CustomRenderTexture/CustomRenderTextureTarget.cs.
[Package Manager] Could not restore immutable package asset: Packages/com.unity.modules.terrain/04a6ef07359e/Editor/Generation/Targets/CustomRenderTexture/CustomTextureSubTarget.cs.
[Package Manager] Could not restore immutable package asset: Packages/com.unity.modules.terrain/04a6ef07359e/Editor/Generation/Targets/Fullscreen/FullscreenSubTarget.cs.
[Package Manager] Could not restore immutable package asset: Packages/com.unity.modules.terrainphysics/04a6ef07359e/Editor/Generation/Contexts/TargetSetupContext.cs.
[Package Manager] Could not restore immutable package asset: Packages/com.unity.modules.terrainphysics/04a6ef07359e/Editor/Generation/Processors/ShaderSpliceUtil.cs.
[Package Manager] Could not restore immutable package asset: Packages/com.unity.modules.terrainphysics/04a6ef07359e/Editor/Generation/Targets/BuiltIn/Editor/ShaderGraph/Targets/BuiltInCanvasSubTarget.cs.
[Package Manager] Could not restore immutable package asset: Packages/com.unity.modules.terrainphysics/04a6ef07359e/Editor/Generation/Targets/BuiltIn/Editor/ShaderGraph/Targets/BuiltInLitSubTarget.cs.
[Package Manager] Could not restore immutable package asset: Packages/com.unity.modules.terrainphysics/04a6ef07359e/Editor/Generation/Targets/BuiltIn/Editor/ShaderGraph/Targets/BuiltInTarget.cs.
[Package Manager] Could not restore immutable package asset: Packages/com.unity.modules.terrainphysics/04a6ef07359e/Editor/Generation/Targets/CustomRenderTexture/CustomRenderTextureTarget.cs.
[Package Manager] Could not restore immutable package asset: Packages/com.unity.modules.terrainphysics/04a6ef07359e/Editor/Generation/Targets/CustomRenderTexture/CustomTextureSubTarget.cs.
[Package Manager] Could not restore immutable package asset: Packages/com.unity.modules.terrainphysics/04a6ef07359e/Editor/Generation/Targets/Fullscreen/FullscreenSubTarget.cs.
[Package Manager] Could not restore immutable package asset: Packages/com.unity.modules.tilemap/04a6ef07359e/Editor/Generation/Contexts/TargetSetupContext.cs.
[Package Manager] Could not restore immutable package asset: Packages/com.unity.modules.tilemap/04a6ef07359e/Editor/Generation/Processors/ShaderSpliceUtil.cs.
[Package Manager] Could not restore immutable package asset: Packages/com.unity.modules.tilemap/04a6ef07359e/Editor/Generation/Targets/BuiltIn/Editor/ShaderGraph/Targets/BuiltInCanvasSubTarget.cs.
[Package Manager] Could not restore immutable package asset: Packages/com.unity.modules.tilemap/04a6ef07359e/Editor/Generation/Targets/BuiltIn/Editor/ShaderGraph/Targets/BuiltInLitSubTarget.cs.
[Package Manager] Could not restore immutable package asset: Packages/com.unity.modules.tilemap/04a6ef07359e/Editor/Generation/Targets/BuiltIn/Editor/ShaderGraph/Targets/BuiltInTarget.cs.
[Package Manager] Could not restore immutable package asset: Packages/com.unity.modules.tilemap/04a6ef07359e/Editor/Generation/Targets/CustomRenderTexture/CustomRenderTextureTarget.cs.
[Package Manager] Could not restore immutable package asset: Packages/com.unity.modules.tilemap/04a6ef07359e/Editor/Generation/Targets/CustomRenderTexture/CustomTextureSubTarget.cs.
[Package Manager] Could not restore immutable package asset: Packages/com.unity.modules.tilemap/04a6ef07359e/Editor/Generation/Targets/Fullscreen/FullscreenSubTarget.cs.
[Package Manager] Could not restore immutable package asset: Packages/com.unity.modules.ui/04a6ef07359e/Editor/Generation/Contexts/TargetSetupContext.cs.
[Package Manager] Could not restore immutable package asset: Packages/com.unity.modules.ui/04a6ef07359e/Editor/Generation/Processors/ShaderSpliceUtil.cs.
[Package Manager] Could not restore immutable package asset: Packages/com.unity.modules.ui/04a6ef07359e/Editor/Generation/Targets/BuiltIn/Editor/ShaderGraph/Targets/BuiltInCanvasSubTarget.cs.
[Package Manager] Could not restore immutable package asset: Packages/com.unity.modules.ui/04a6ef07359e/Editor/Generation/Targets/BuiltIn/Editor/ShaderGraph/Targets/BuiltInLitSubTarget.cs.
[Package Manager] Could not restore immutable package asset: Packages/com.unity.modules.ui/04a6ef07359e/Editor/Generation/Targets/BuiltIn/Editor/ShaderGraph/Targets/BuiltInTarget.cs.
[Package Manager] Could not restore immutable package asset: Packages/com.unity.modules.ui/04a6ef07359e/Editor/Generation/Targets/CustomRenderTexture/CustomRenderTextureTarget.cs.
[Package Manager] Could not restore immutable package asset: Packages/com.unity.modules.ui/04a6ef07359e/Editor/Generation/Targets/CustomRenderTexture/CustomTextureSubTarget.cs.
[Package Manager] Could not restore immutable package asset: Packages/com.unity.modules.ui/04a6ef07359e/Editor/Generation/Targets/Fullscreen/FullscreenSubTarget.cs.
[Package Manager] Could not restore immutable package asset: Packages/com.unity.modules.uielements/04a6ef07359e/Editor/Generation/Contexts/TargetSetupContext.cs.
[Package Manager] Could not restore immutable package asset: Packages/com.unity.modules.uielements/04a6ef07359e/Editor/Generation/Processors/ShaderSpliceUtil.cs.
[Package Manager] Could not restore immutable package asset: Packages/com.unity.modules.uielements/04a6ef07359e/Editor/Generation/Targets/BuiltIn/Editor/ShaderGraph/Targets/BuiltInCanvasSubTarget.cs.
[Package Manager] Could not restore immutable package asset: Packages/com.unity.modules.uielements/04a6ef07359e/Editor/Generation/Targets/BuiltIn/Editor/ShaderGraph/Targets/BuiltInLitSubTarget.cs.
[Package Manager] Could not restore immutable package asset: Packages/com.unity.modules.uielements/04a6ef07359e/Editor/Generation/Targets/BuiltIn/Editor/ShaderGraph/Targets/BuiltInTarget.cs.
[Package Manager] Could not restore immutable package asset: Packages/com.unity.modules.uielements/04a6ef07359e/Editor/Generation/Targets/CustomRenderTexture/CustomRenderTextureTarget.cs.
[Package Manager] Could not restore immutable package asset: Packages/com.unity.modules.uielements/04a6ef07359e/Editor/Generation/Targets/CustomRenderTexture/CustomTextureSubTarget.cs.
[Package Manager] Could not restore immutable package asset: Packages/com.unity.modules.uielements/04a6ef07359e/Editor/Generation/Targets/Fullscreen/FullscreenSubTarget.cs.
[Package Manager] Could not restore immutable package asset: Packages/com.unity.modules.umbra/04a6ef07359e/Editor/Generation/Contexts/TargetSetupContext.cs.
[Package Manager] Could not restore immutable package asset: Packages/com.unity.modules.umbra/04a6ef07359e/Editor/Generation/Processors/ShaderSpliceUtil.cs.
[Package Manager] Could not restore immutable package asset: Packages/com.unity.modules.umbra/04a6ef07359e/Editor/Generation/Targets/BuiltIn/Editor/ShaderGraph/Targets/BuiltInCanvasSubTarget.cs.
[Package Manager] Could not restore immutable package asset: Packages/com.unity.modules.umbra/04a6ef07359e/Editor/Generation/Targets/BuiltIn/Editor/ShaderGraph/Targets/BuiltInLitSubTarget.cs.
[Package Manager] Could not restore immutable package asset: Packages/com.unity.modules.umbra/04a6ef07359e/Editor/Generation/Targets/BuiltIn/Editor/ShaderGraph/Targets/BuiltInTarget.cs.
[Package Manager] Could not restore immutable package asset: Packages/com.unity.modules.umbra/04a6ef07359e/Editor/Generation/Targets/CustomRenderTexture/CustomRenderTextureTarget.cs.
[Package Manager] Could not restore immutable package asset: Packages/com.unity.modules.umbra/04a6ef07359e/Editor/Generation/Targets/CustomRenderTexture/CustomTextureSubTarget.cs.
[Package Manager] Could not restore immutable package asset: Packages/com.unity.modules.umbra/04a6ef07359e/Editor/Generation/Targets/Fullscreen/FullscreenSubTarget.cs.
[Package Manager] Could not restore immutable package asset: Packages/com.unity.modules.unityanalytics/04a6ef07359e/Editor/Generation/Contexts/TargetSetupContext.cs.
[Package Manager] Could not restore immutable package asset: Packages/com.unity.modules.unityanalytics/04a6ef07359e/Editor/Generation/Processors/ShaderSpliceUtil.cs.
[Package Manager] Could not restore immutable package asset: Packages/com.unity.modules.unityanalytics/04a6ef07359e/Editor/Generation/Targets/BuiltIn/Editor/ShaderGraph/Targets/BuiltInCanvasSubTarget.cs.
[Package Manager] Could not restore immutable package asset: Packages/com.unity.modules.unityanalytics/04a6ef07359e/Editor/Generation/Targets/BuiltIn/Editor/ShaderGraph/Targets/BuiltInLitSubTarget.cs.
[Package Manager] Could not restore immutable package asset: Packages/com.unity.modules.unityanalytics/04a6ef07359e/Editor/Generation/Targets/BuiltIn/Editor/ShaderGraph/Targets/BuiltInTarget.cs.
[Package Manager] Could not restore immutable package asset: Packages/com.unity.modules.unityanalytics/04a6ef07359e/Editor/Generation/Targets/CustomRenderTexture/CustomRenderTextureTarget.cs.
[Package Manager] Could not restore immutable package asset: Packages/com.unity.modules.unityanalytics/04a6ef07359e/Editor/Generation/Targets/CustomRenderTexture/CustomTextureSubTarget.cs.
[Package Manager] Could not restore immutable package asset: Packages/com.unity.modules.unityanalytics/04a6ef07359e/Editor/Generation/Targets/Fullscreen/FullscreenSubTarget.cs.
[Package Manager] Could not restore immutable package asset: Packages/com.unity.modules.unitywebrequest/04a6ef07359e/Editor/Generation/Contexts/TargetSetupContext.cs.
[Package Manager] Could not restore immutable package asset: Packages/com.unity.modules.unitywebrequest/04a6ef07359e/Editor/Generation/Processors/ShaderSpliceUtil.cs.
[Package Manager] Could not restore immutable package asset: Packages/com.unity.modules.unitywebrequest/04a6ef07359e/Editor/Generation/Targets/BuiltIn/Editor/ShaderGraph/Targets/BuiltInCanvasSubTarget.cs.
[Package Manager] Could not restore immutable package asset: Packages/com.unity.modules.unitywebrequest/04a6ef07359e/Editor/Generation/Targets/BuiltIn/Editor/ShaderGraph/Targets/BuiltInLitSubTarget.cs.
[Package Manager] Could not restore immutable package asset: Packages/com.unity.modules.unitywebrequest/04a6ef07359e/Editor/Generation/Targets/BuiltIn/Editor/ShaderGraph/Targets/BuiltInTarget.cs.
[Package Manager] Could not restore immutable package asset: Packages/com.unity.modules.unitywebrequest/04a6ef07359e/Editor/Generation/Targets/CustomRenderTexture/CustomRenderTextureTarget.cs.
[Package Manager] Could not restore immutable package asset: Packages/com.unity.modules.unitywebrequest/04a6ef07359e/Editor/Generation/Targets/CustomRenderTexture/CustomTextureSubTarget.cs.
[Package Manager] Could not restore immutable package asset: Packages/com.unity.modules.unitywebrequest/04a6ef07359e/Editor/Generation/Targets/Fullscreen/FullscreenSubTarget.cs.
[Package Manager] Could not restore immutable package asset: Packages/com.unity.modules.unitywebrequestassetbundle/04a6ef07359e/Editor/Generation/Contexts/TargetSetupContext.cs.
[Package Manager] Could not restore immutable package asset: Packages/com.unity.modules.unitywebrequestassetbundle/04a6ef07359e/Editor/Generation/Processors/ShaderSpliceUtil.cs.
[Package Manager] Could not restore immutable package asset: Packages/com.unity.modules.unitywebrequestassetbundle/04a6ef07359e/Editor/Generation/Targets/BuiltIn/Editor/ShaderGraph/Targets/BuiltInCanvasSubTarget.cs.
[Package Manager] Could not restore immutable package asset: Packages/com.unity.modules.unitywebrequestassetbundle/04a6ef07359e/Editor/Generation/Targets/BuiltIn/Editor/ShaderGraph/Targets/BuiltInLitSubTarget.cs.
[Package Manager] Could not restore immutable package asset: Packages/com.unity.modules.unitywebrequestassetbundle/04a6ef07359e/Editor/Generation/Targets/BuiltIn/Editor/ShaderGraph/Targets/BuiltInTarget.cs.
[Package Manager] Could not restore immutable package asset: Packages/com.unity.modules.unitywebrequestassetbundle/04a6ef07359e/Editor/Generation/Targets/CustomRenderTexture/CustomRenderTextureTarget.cs.
[Package Manager] Could not restore immutable package asset: Packages/com.unity.modules.unitywebrequestassetbundle/04a6ef07359e/Editor/Generation/Targets/CustomRenderTexture/CustomTextureSubTarget.cs.
[Package Manager] Could not restore immutable package asset: Packages/com.unity.modules.unitywebrequestassetbundle/04a6ef07359e/Editor/Generation/Targets/Fullscreen/FullscreenSubTarget.cs.
[Package Manager] Could not restore immutable package asset: Packages/com.unity.modules.unitywebrequestaudio/04a6ef07359e/Editor/Generation/Contexts/TargetSetupContext.cs.
[Package Manager] Could not restore immutable package asset: Packages/com.unity.modules.unitywebrequestaudio/04a6ef07359e/Editor/Generation/Processors/ShaderSpliceUtil.cs.
[Package Manager] Could not restore immutable package asset: Packages/com.unity.modules.unitywebrequestaudio/04a6ef07359e/Editor/Generation/Targets/BuiltIn/Editor/ShaderGraph/Targets/BuiltInCanvasSubTarget.cs.
[Package Manager] Could not restore immutable package asset: Packages/com.unity.modules.unitywebrequestaudio/04a6ef07359e/Editor/Generation/Targets/BuiltIn/Editor/ShaderGraph/Targets/BuiltInLitSubTarget.cs.
[Package Manager] Could not restore immutable package asset: Packages/com.unity.modules.unitywebrequestaudio/04a6ef07359e/Editor/Generation/Targets/BuiltIn/Editor/ShaderGraph/Targets/BuiltInTarget.cs.
[Package Manager] Could not restore immutable package asset: Packages/com.unity.modules.unitywebrequestaudio/04a6ef07359e/Editor/Generation/Targets/CustomRenderTexture/CustomRenderTextureTarget.cs.
[Package Manager] Could not restore immutable package asset: Packages/com.unity.modules.unitywebrequestaudio/04a6ef07359e/Editor/Generation/Targets/CustomRenderTexture/CustomTextureSubTarget.cs.
[Package Manager] Could not restore immutable package asset: Packages/com.unity.modules.unitywebrequestaudio/04a6ef07359e/Editor/Generation/Targets/Fullscreen/FullscreenSubTarget.cs.
[Package Manager] Could not restore immutable package asset: Packages/com.unity.modules.unitywebrequesttexture/04a6ef07359e/Editor/Generation/Contexts/TargetSetupContext.cs.
[Package Manager] Could not restore immutable package asset: Packages/com.unity.modules.unitywebrequesttexture/04a6ef07359e/Editor/Generation/Processors/ShaderSpliceUtil.cs.
[Package Manager] Could not restore immutable package asset: Packages/com.unity.modules.unitywebrequesttexture/04a6ef07359e/Editor/Generation/Targets/BuiltIn/Editor/ShaderGraph/Targets/BuiltInCanvasSubTarget.cs.
[Package Manager] Could not restore immutable package asset: Packages/com.unity.modules.unitywebrequesttexture/04a6ef07359e/Editor/Generation/Targets/BuiltIn/Editor/ShaderGraph/Targets/BuiltInLitSubTarget.cs.
[Package Manager] Could not restore immutable package asset: Packages/com.unity.modules.unitywebrequesttexture/04a6ef07359e/Editor/Generation/Targets/BuiltIn/Editor/ShaderGraph/Targets/BuiltInTarget.cs.
[Package Manager] Could not restore immutable package asset: Packages/com.unity.modules.unitywebrequesttexture/04a6ef07359e/Editor/Generation/Targets/CustomRenderTexture/CustomRenderTextureTarget.cs.
[Package Manager] Could not restore immutable package asset: Packages/com.unity.modules.unitywebrequesttexture/04a6ef07359e/Editor/Generation/Targets/CustomRenderTexture/CustomTextureSubTarget.cs.
[Package Manager] Could not restore immutable package asset: Packages/com.unity.modules.unitywebrequesttexture/04a6ef07359e/Editor/Generation/Targets/Fullscreen/FullscreenSubTarget.cs.
[Package Manager] Could not restore immutable package asset: Packages/com.unity.modules.unitywebrequestwww/04a6ef07359e/Editor/Generation/Contexts/TargetSetupContext.cs.
[Package Manager] Could not restore immutable package asset: Packages/com.unity.modules.unitywebrequestwww/04a6ef07359e/Editor/Generation/Processors/ShaderSpliceUtil.cs.
[Package Manager] Could not restore immutable package asset: Packages/com.unity.modules.unitywebrequestwww/04a6ef07359e/Editor/Generation/Targets/BuiltIn/Editor/ShaderGraph/Targets/BuiltInCanvasSubTarget.cs.
[Package Manager] Could not restore immutable package asset: Packages/com.unity.modules.unitywebrequestwww/04a6ef07359e/Editor/Generation/Targets/BuiltIn/Editor/ShaderGraph/Targets/BuiltInLitSubTarget.cs.
[Package Manager] Could not restore immutable package asset: Packages/com.unity.modules.unitywebrequestwww/04a6ef07359e/Editor/Generation/Targets/BuiltIn/Editor/ShaderGraph/Targets/BuiltInTarget.cs.
[Package Manager] Could not restore immutable package asset: Packages/com.unity.modules.unitywebrequestwww/04a6ef07359e/Editor/Generation/Targets/CustomRenderTexture/CustomRenderTextureTarget.cs.
[Package Manager] Could not restore immutable package asset: Packages/com.unity.modules.unitywebrequestwww/04a6ef07359e/Editor/Generation/Targets/CustomRenderTexture/CustomTextureSubTarget.cs.
[Package Manager] Could not restore immutable package asset: Packages/com.unity.modules.unitywebrequestwww/04a6ef07359e/Editor/Generation/Targets/Fullscreen/FullscreenSubTarget.cs.
[Package Manager] Could not restore immutable package asset: Packages/com.unity.modules.vectorgraphics/04a6ef07359e/Editor/Generation/Contexts/TargetSetupContext.cs.
[Package Manager] Could not restore immutable package asset: Packages/com.unity.modules.vectorgraphics/04a6ef07359e/Editor/Generation/Processors/ShaderSpliceUtil.cs.
[Package Manager] Could not restore immutable package asset: Packages/com.unity.modules.vectorgraphics/04a6ef07359e/Editor/Generation/Targets/BuiltIn/Editor/ShaderGraph/Targets/BuiltInCanvasSubTarget.cs.
[Package Manager] Could not restore immutable package asset: Packages/com.unity.modules.vectorgraphics/04a6ef07359e/Editor/Generation/Targets/BuiltIn/Editor/ShaderGraph/Targets/BuiltInLitSubTarget.cs.
[Package Manager] Could not restore immutable package asset: Packages/com.unity.modules.vectorgraphics/04a6ef07359e/Editor/Generation/Targets/BuiltIn/Editor/ShaderGraph/Targets/BuiltInTarget.cs.
[Package Manager] Could not restore immutable package asset: Packages/com.unity.modules.vectorgraphics/04a6ef07359e/Editor/Generation/Targets/CustomRenderTexture/CustomRenderTextureTarget.cs.
[Package Manager] Could not restore immutable package asset: Packages/com.unity.modules.vectorgraphics/04a6ef07359e/Editor/Generation/Targets/CustomRenderTexture/CustomTextureSubTarget.cs.
[Package Manager] Could not restore immutable package asset: Packages/com.unity.modules.vectorgraphics/04a6ef07359e/Editor/Generation/Targets/Fullscreen/FullscreenSubTarget.cs.
[Package Manager] Could not restore immutable package asset: Packages/com.unity.modules.vehicles/04a6ef07359e/Editor/Generation/Contexts/TargetSetupContext.cs.
[Package Manager] Could not restore immutable package asset: Packages/com.unity.modules.vehicles/04a6ef07359e/Editor/Generation/Processors/ShaderSpliceUtil.cs.
[Package Manager] Could not restore immutable package asset: Packages/com.unity.modules.vehicles/04a6ef07359e/Editor/Generation/Targets/BuiltIn/Editor/ShaderGraph/Targets/BuiltInCanvasSubTarget.cs.
[Package Manager] Could not restore immutable package asset: Packages/com.unity.modules.vehicles/04a6ef07359e/Editor/Generation/Targets/BuiltIn/Editor/ShaderGraph/Targets/BuiltInLitSubTarget.cs.
[Package Manager] Could not restore immutable package asset: Packages/com.unity.modules.vehicles/04a6ef07359e/Editor/Generation/Targets/BuiltIn/Editor/ShaderGraph/Targets/BuiltInTarget.cs.
[Package Manager] Could not restore immutable package asset: Packages/com.unity.modules.vehicles/04a6ef07359e/Editor/Generation/Targets/CustomRenderTexture/CustomRenderTextureTarget.cs.
[Package Manager] Could not restore immutable package asset: Packages/com.unity.modules.vehicles/04a6ef07359e/Editor/Generation/Targets/CustomRenderTexture/CustomTextureSubTarget.cs.
[Package Manager] Could not restore immutable package asset: Packages/com.unity.modules.vehicles/04a6ef07359e/Editor/Generation/Targets/Fullscreen/FullscreenSubTarget.cs.
[Package Manager] Could not restore immutable package asset: Packages/com.unity.modules.video/04a6ef07359e/Editor/Generation/Contexts/TargetSetupContext.cs.
[Package Manager] Could not restore immutable package asset: Packages/com.unity.modules.video/04a6ef07359e/Editor/Generation/Processors/ShaderSpliceUtil.cs.
[Package Manager] Could not restore immutable package asset: Packages/com.unity.modules.video/04a6ef07359e/Editor/Generation/Targets/BuiltIn/Editor/ShaderGraph/Targets/BuiltInCanvasSubTarget.cs.
[Package Manager] Could not restore immutable package asset: Packages/com.unity.modules.video/04a6ef07359e/Editor/Generation/Targets/BuiltIn/Editor/ShaderGraph/Targets/BuiltInLitSubTarget.cs.
[Package Manager] Could not restore immutable package asset: Packages/com.unity.modules.video/04a6ef07359e/Editor/Generation/Targets/BuiltIn/Editor/ShaderGraph/Targets/BuiltInTarget.cs.
[Package Manager] Could not restore immutable package asset: Packages/com.unity.modules.video/04a6ef07359e/Editor/Generation/Targets/CustomRenderTexture/CustomRenderTextureTarget.cs.
[Package Manager] Could not restore immutable package asset: Packages/com.unity.modules.video/04a6ef07359e/Editor/Generation/Targets/CustomRenderTexture/CustomTextureSubTarget.cs.
[Package Manager] Could not restore immutable package asset: Packages/com.unity.modules.video/04a6ef07359e/Editor/Generation/Targets/Fullscreen/FullscreenSubTarget.cs.
[Package Manager] Could not restore immutable package asset: Packages/com.unity.modules.vr/04a6ef07359e/Editor/Generation/Contexts/TargetSetupContext.cs.
[Package Manager] Could not restore immutable package asset: Packages/com.unity.modules.vr/04a6ef07359e/Editor/Generation/Processors/ShaderSpliceUtil.cs.
[Package Manager] Could not restore immutable package asset: Packages/com.unity.modules.vr/04a6ef07359e/Editor/Generation/Targets/BuiltIn/Editor/ShaderGraph/Targets/BuiltInCanvasSubTarget.cs.
[Package Manager] Could not restore immutable package asset: Packages/com.unity.modules.vr/04a6ef07359e/Editor/Generation/Targets/BuiltIn/Editor/ShaderGraph/Targets/BuiltInLitSubTarget.cs.
[Package Manager] Could not restore immutable package asset: Packages/com.unity.modules.vr/04a6ef07359e/Editor/Generation/Targets/BuiltIn/Editor/ShaderGraph/Targets/BuiltInTarget.cs.
[Package Manager] Could not restore immutable package asset: Packages/com.unity.modules.vr/04a6ef07359e/Editor/Generation/Targets/CustomRenderTexture/CustomRenderTextureTarget.cs.
[Package Manager] Could not restore immutable package asset: Packages/com.unity.modules.vr/04a6ef07359e/Editor/Generation/Targets/CustomRenderTexture/CustomTextureSubTarget.cs.
[Package Manager] Could not restore immutable package asset: Packages/com.unity.modules.vr/04a6ef07359e/Editor/Generation/Targets/Fullscreen/FullscreenSubTarget.cs.
[Package Manager] Could not restore immutable package asset: Packages/com.unity.modules.wind/04a6ef07359e/Editor/Generation/Contexts/TargetSetupContext.cs.
[Package Manager] Could not restore immutable package asset: Packages/com.unity.modules.wind/04a6ef07359e/Editor/Generation/Processors/ShaderSpliceUtil.cs.
[Package Manager] Could not restore immutable package asset: Packages/com.unity.modules.wind/04a6ef07359e/Editor/Generation/Targets/BuiltIn/Editor/ShaderGraph/Targets/BuiltInCanvasSubTarget.cs.
[Package Manager] Could not restore immutable package asset: Packages/com.unity.modules.wind/04a6ef07359e/Editor/Generation/Targets/BuiltIn/Editor/ShaderGraph/Targets/BuiltInLitSubTarget.cs.
[Package Manager] Could not restore immutable package asset: Packages/com.unity.modules.wind/04a6ef07359e/Editor/Generation/Targets/BuiltIn/Editor/ShaderGraph/Targets/BuiltInTarget.cs.
[Package Manager] Could not restore immutable package asset: Packages/com.unity.modules.wind/04a6ef07359e/Editor/Generation/Targets/CustomRenderTexture/CustomRenderTextureTarget.cs.
[Package Manager] Could not restore immutable package asset: Packages/com.unity.modules.wind/04a6ef07359e/Editor/Generation/Targets/CustomRenderTexture/CustomTextureSubTarget.cs.
[Package Manager] Could not restore immutable package asset: Packages/com.unity.modules.wind/04a6ef07359e/Editor/Generation/Targets/Fullscreen/FullscreenSubTarget.cs.
[Package Manager] Could not restore immutable package asset: Packages/com.unity.modules.xr/04a6ef07359e/Editor/Generation/Contexts/TargetSetupContext.cs.
[Package Manager] Could not restore immutable package asset: Packages/com.unity.modules.xr/04a6ef07359e/Editor/Generation/Processors/ShaderSpliceUtil.cs.
[Package Manager] Could not restore immutable package asset: Packages/com.unity.modules.xr/04a6ef07359e/Editor/Generation/Targets/BuiltIn/Editor/ShaderGraph/Targets/BuiltInCanvasSubTarget.cs.
[Package Manager] Could not restore immutable package asset: Packages/com.unity.modules.xr/04a6ef07359e/Editor/Generation/Targets/BuiltIn/Editor/ShaderGraph/Targets/BuiltInLitSubTarget.cs.
[Package Manager] Could not restore immutable package asset: Packages/com.unity.modules.xr/04a6ef07359e/Editor/Generation/Targets/BuiltIn/Editor/ShaderGraph/Targets/BuiltInTarget.cs.
[Package Manager] Could not restore immutable package asset: Packages/com.unity.modules.xr/04a6ef07359e/Editor/Generation/Targets/CustomRenderTexture/CustomRenderTextureTarget.cs.
[Package Manager] Could not restore immutable package asset: Packages/com.unity.modules.xr/04a6ef07359e/Editor/Generation/Targets/CustomRenderTexture/CustomTextureSubTarget.cs.
[Package Manager] Could not restore immutable package asset: Packages/com.unity.modules.xr/04a6ef07359e/Editor/Generation/Targets/Fullscreen/FullscreenSubTarget.cs.
[Package Manager] Could not restore immutable package asset: Packages/com.unity.modules.subsystems/04a6ef07359e/Editor/Generation/Contexts/TargetSetupContext.cs.
[Package Manager] Could not restore immutable package asset: Packages/com.unity.modules.subsystems/04a6ef07359e/Editor/Generation/Processors/ShaderSpliceUtil.cs.
[Package Manager] Could not restore immutable package asset: Packages/com.unity.modules.subsystems/04a6ef07359e/Editor/Generation/Targets/BuiltIn/Editor/ShaderGraph/Targets/BuiltInCanvasSubTarget.cs.
[Package Manager] Could not restore immutable package asset: Packages/com.unity.modules.subsystems/04a6ef07359e/Editor/Generation/Targets/BuiltIn/Editor/ShaderGraph/Targets/BuiltInLitSubTarget.cs.
[Package Manager] Could not restore immutable package asset: Packages/com.unity.modules.subsystems/04a6ef07359e/Editor/Generation/Targets/BuiltIn/Editor/ShaderGraph/Targets/BuiltInTarget.cs.
[Package Manager] Could not restore immutable package asset: Packages/com.unity.modules.subsystems/04a6ef07359e/Editor/Generation/Targets/CustomRenderTexture/CustomRenderTextureTarget.cs.
[Package Manager] Could not restore immutable package asset: Packages/com.unity.modules.subsystems/04a6ef07359e/Editor/Generation/Targets/CustomRenderTexture/CustomTextureSubTarget.cs.
[Package Manager] Could not restore immutable package asset: Packages/com.unity.modules.subsystems/04a6ef07359e/Editor/Generation/Targets/Fullscreen/FullscreenSubTarget.cs.
[Package Manager] Could not restore immutable package asset: Packages/com.unity.modules.hierarchycore/04a6ef07359e/Editor/Generation/Contexts/TargetSetupContext.cs.
[Package Manager] Could not restore immutable package asset: Packages/com.unity.modules.hierarchycore/04a6ef07359e/Editor/Generation/Processors/ShaderSpliceUtil.cs.
[Package Manager] Could not restore immutable package asset: Packages/com.unity.modules.hierarchycore/04a6ef07359e/Editor/Generation/Targets/BuiltIn/Editor/ShaderGraph/Targets/BuiltInCanvasSubTarget.cs.
[Package Manager] Could not restore immutable package asset: Packages/com.unity.modules.hierarchycore/04a6ef07359e/Editor/Generation/Targets/BuiltIn/Editor/ShaderGraph/Targets/BuiltInLitSubTarget.cs.
[Package Manager] Could not restore immutable package asset: Packages/com.unity.modules.hierarchycore/04a6ef07359e/Editor/Generation/Targets/BuiltIn/Editor/ShaderGraph/Targets/BuiltInTarget.cs.
[Package Manager] Could not restore immutable package asset: Packages/com.unity.modules.hierarchycore/04a6ef07359e/Editor/Generation/Targets/CustomRenderTexture/CustomRenderTextureTarget.cs.
[Package Manager] Could not restore immutable package asset: Packages/com.unity.modules.hierarchycore/04a6ef07359e/Editor/Generation/Targets/CustomRenderTexture/CustomTextureSubTarget.cs.
[Package Manager] Could not restore immutable package asset: Packages/com.unity.modules.hierarchycore/04a6ef07359e/Editor/Generation/Targets/Fullscreen/FullscreenSubTarget.cs.
[Package Manager] Could not restore immutable package asset: Packages/com.unity.shadergraph/Editor/Generation/Contexts/TargetSetupContext.cs.
[Package Manager] Could not restore immutable package asset: Packages/com.unity.shadergraph/Editor/Generation/Processors/ShaderSpliceUtil.cs.
[Package Manager] Could not restore immutable package asset: Packages/com.unity.shadergraph/Editor/Generation/Targets/BuiltIn/Editor/ShaderGraph/Targets/BuiltInCanvasSubTarget.cs.
[Package Manager] Could not restore immutable package asset: Packages/com.unity.shadergraph/Editor/Generation/Targets/BuiltIn/Editor/ShaderGraph/Targets/BuiltInLitSubTarget.cs.
[Package Manager] Could not restore immutable package asset: Packages/com.unity.shadergraph/Editor/Generation/Targets/BuiltIn/Editor/ShaderGraph/Targets/BuiltInTarget.cs.
[Package Manager] Could not restore immutable package asset: Packages/com.unity.shadergraph/Editor/Generation/Targets/CustomRenderTexture/CustomRenderTextureTarget.cs.
[Package Manager] Could not restore immutable package asset: Packages/com.unity.shadergraph/Editor/Generation/Targets/CustomRenderTexture/CustomTextureSubTarget.cs.
[Package Manager] Could not restore immutable package asset: Packages/com.unity.shadergraph/Editor/Generation/Targets/Fullscreen/FullscreenSubTarget.cs.
[Package Manager] Done registering packages in 0.16 seconds
Refreshing native plugins compatible for Editor in 6.58 ms, found 5 plugins.
Starting: C:\Program Files\Unity\Hub\Editor\6000.4.6f1\Editor\Data\Tools\BuildPipeline\bee_backend.exe --ipc --defer-dag-verification --dagfile="Library/Bee/1900b0aE.dag" --continue-on-failure --profile="Library/Bee/backend1.traceevents" ScriptAssemblies
WorkingDir: C:/Users/User/AppData/Local/Temp/LastHost_UnityProject_Test_20260706_toxic_red
DisplayProgressbar: Compiling Scripts
ExitCode: 0 Duration: 0s701ms
[1173/1543  0s] ILPP-Configuration Library/ilpp-configuration.nevergeneratedoutput
*** Tundra build success (0.63 seconds), 1 items updated, 1543 evaluated
AssetDatabase: script compilation time: 1.259679s
Begin MonoManager ReloadAssembly
Assembly Assembly-CSharp-Editor-firstpass.dll at Library/ScriptAssemblies/Assembly-CSharp-Editor-firstpass.dll not valid. Loading of assembly skipped.
Assembly Assembly-CSharp-firstpass.dll at Library/ScriptAssemblies/Assembly-CSharp-firstpass.dll not valid. Loading of assembly skipped.
Assembly DocCodeExamples.dll at Library/ScriptAssemblies/DocCodeExamples.dll not valid. Loading of assembly skipped.
Assembly TestNewCustomAssembly.dll at Library/ScriptAssemblies/TestNewCustomAssembly.dll not valid. Loading of assembly skipped.
Assembly Unity.2D.Sprite.Package.EditorTests.dll at Library/ScriptAssemblies/Unity.2D.Sprite.Package.EditorTests.dll not valid. Loading of assembly skipped.
Assembly Unity.AI.Assistant.Integrations.Sample.Editor.dll at Library/ScriptAssemblies/Unity.AI.Assistant.Integrations.Sample.Editor.dll not valid. Loading of assembly skipped.
Assembly Unity.AppUI.Editor.Tests.dll at Library/ScriptAssemblies/Unity.AppUI.Editor.Tests.dll not valid. Loading of assembly skipped.
Assembly Unity.AppUI.Tests.dll at Library/ScriptAssemblies/Unity.AppUI.Tests.dll not valid. Loading of assembly skipped.
Assembly Unity.Collections.BurstCompatibilityGen.dll at Library/ScriptAssemblies/Unity.Collections.BurstCompatibilityGen.dll not valid. Loading of assembly skipped.
Assembly Unity.Collections.DocCodeSamples.dll at Library/ScriptAssemblies/Unity.Collections.DocCodeSamples.dll not valid. Loading of assembly skipped.
Assembly Unity.Collections.PerformanceTests.dll at Library/ScriptAssemblies/Unity.Collections.PerformanceTests.dll not valid. Loading of assembly skipped.
Assembly Unity.Collections.Tests.dll at Library/ScriptAssemblies/Unity.Collections.Tests.dll not valid. Loading of assembly skipped.
Assembly Unity.Collections.Tests.Playmode.dll at Library/ScriptAssemblies/Unity.Collections.Tests.Playmode.dll not valid. Loading of assembly skipped.
Assembly Unity.InputSystem.IntegrationTests.dll at Library/ScriptAssemblies/Unity.InputSystem.IntegrationTests.dll not valid. Loading of assembly skipped.
Assembly Unity.Mathematics.Tests.dll at Library/ScriptAssemblies/Unity.Mathematics.Tests.dll not valid. Loading of assembly skipped.
Assembly Unity.Multiplayer.Center.Editor.Tests.dll at Library/ScriptAssemblies/Unity.Multiplayer.Center.Editor.Tests.dll not valid. Loading of assembly skipped.
Assembly Unity.Multiplayer.Center.Tests.dll at Library/ScriptAssemblies/Unity.Multiplayer.Center.Tests.dll not valid. Loading of assembly skipped.
Assembly Unity.Nuget.Mono-Cecil.dll at Library/ScriptAssemblies/Unity.Nuget.Mono-Cecil.dll not valid. Loading of assembly skipped.
Assembly Unity.PathTracing.Editor.Tests.dll at Library/ScriptAssemblies/Unity.PathTracing.Editor.Tests.dll not valid. Loading of assembly skipped.
Assembly Unity.PathTracing.Runtime.Tests.dll at Library/ScriptAssemblies/Unity.PathTracing.Runtime.Tests.dll not valid. Loading of assembly skipped.
Assembly Unity.RenderPipelines.Core.Editor.Tests.dll at Library/ScriptAssemblies/Unity.RenderPipelines.Core.Editor.Tests.dll not valid. Loading of assembly skipped.
Assembly Unity.RenderPipelines.Core.Runtime.Tests.dll at Library/ScriptAssemblies/Unity.RenderPipelines.Core.Runtime.Tests.dll not valid. Loading of assembly skipped.
Assembly Unity.RenderPipelines.Universal.Config.Editor.Tests.dll at Library/ScriptAssemblies/Unity.RenderPipelines.Universal.Config.Editor.Tests.dll not valid. Loading of assembly skipped.
Assembly Unity.RenderPipelines.Universal.Editor.Tests.dll at Library/ScriptAssemblies/Unity.RenderPipelines.Universal.Editor.Tests.dll not valid. Loading of assembly skipped.
Assembly Unity.RenderPipelines.Universal.Runtime.Tests.dll at Library/ScriptAssemblies/Unity.RenderPipelines.Universal.Runtime.Tests.dll not valid. Loading of assembly skipped.
Assembly Unity.Searcher.EditorTests.dll at Library/ScriptAssemblies/Unity.Searcher.EditorTests.dll not valid. Loading of assembly skipped.
Assembly Unity.ShaderGraph.Editor.Tests.dll at Library/ScriptAssemblies/Unity.ShaderGraph.Editor.Tests.dll not valid. Loading of assembly skipped.
Assembly Unity.TextMeshPro.Editor.Tests.dll at Library/ScriptAssemblies/Unity.TextMeshPro.Editor.Tests.dll not valid. Loading of assembly skipped.
Assembly Unity.TextMeshPro.Tests.dll at Library/ScriptAssemblies/Unity.TextMeshPro.Tests.dll not valid. Loading of assembly skipped.
Assembly Unity.UnifiedRayTracing.Editor.Tests.dll at Library/ScriptAssemblies/Unity.UnifiedRayTracing.Editor.Tests.dll not valid. Loading of assembly skipped.
Assembly UnityEditor.UI.Common.Tests.dll at Library/ScriptAssemblies/UnityEditor.UI.Common.Tests.dll not valid. Loading of assembly skipped.
Assembly UnityEditor.UI.EditorTests.dll at Library/ScriptAssemblies/UnityEditor.UI.EditorTests.dll not valid. Loading of assembly skipped.
Assembly UnityEngine.UI.Tests.dll at Library/ScriptAssemblies/UnityEngine.UI.Tests.dll not valid. Loading of assembly skipped.
Refreshing native plugins compatible for Editor in 7.14 ms, found 5 plugins.
Native extension for WindowsStandalone target not found
Native extension for WebGL target not found
Refreshing native plugins compatible for Editor in 6.94 ms, found 5 plugins.
[Licensing::Client] Error: Code 404 while processing request (status: Found 0 entitlement groups and 0 free entitlements matching requested entitlement ids)
[Licensing::Client] Error: Code 404 while processing request (status: Found 0 entitlement groups and 0 free entitlements matching requested entitlement ids)
[Licensing::Client] Error: Code 404 while processing request (status: Found 0 entitlement groups and 0 free entitlements matching requested entitlement ids)
ScheduleIndexationOnStartup MainProcess:True IndexOnStartup:True
Mono: successfully reloaded assembly
- Finished resetting the current domain, in  5.665 seconds
Domain Reload Profiling: 7281ms
	BeginReloadAssembly (355ms)
		DisableScriptedObjects (28ms)
		CreateAndSetChildDomain (145ms)
	RebuildCommonClasses (34ms)
	RebuildNativeTypeToScriptingClass (11ms)
	initialDomainReloadingComplete (167ms)
	LoadAllAssembliesAndSetupDomain (1048ms)
		LoadAssemblies (742ms)
		AnalyzeDomain (433ms)
			TypeCache.Refresh (330ms)
				TypeCache.ScanAssembly (312ms)
			BuildScriptInfoCaches (93ms)
			ResolveRequiredComponents (9ms)
	FinalizeReload (5666ms)
		SetupLoadedEditorAssemblies (0ms)
			InitializePlatformSupportModulesInManaged (32ms)
			BeforeProcessingInitializeOnLoad (280ms)
			ProcessInitializeOnLoadAttributes (4373ms)
			ProcessInitializeOnLoadMethodAttributes (580ms)
			AfterProcessingInitializeOnLoad (21ms)
		AwakeInstancesAfterBackupRestoration (30ms)
(Values over 0.050ms)
Asset Pipeline Refresh (id=88edc7b3a4442f94d83b89f5cab2def5): Total: 9.659 seconds - Initiated by InitialRefreshV2(ForceSynchronousImport)
	Summary:
		Imports: total=0 (actual=0, local cache=0, cache server=0)
		Asset DB Process Time: managed=0 ms, native=6432 ms
		Asset DB Callback time: managed=45 ms, native=161 ms
		Scripting: domain reloads=1, domain reload time=1634 ms, compile time=1261 ms, other=123 ms
		Project Asset Count: scripts=2096, non-scripts=5398
		Asset File Changes: new=0, changed=0, moved=0, deleted=0
		Scan Filter Count: 0
	InvokePackagesCallback: 165.137ms
	ApplyChangesToAssetFolders: 0.847ms
	Scan: 139.448ms
	CategorizeScriptCompilationAssets: 85.312ms
	ProcessAssetsWithTransientArtifactChanges: 105.932ms
	CategorizeAssets: 94.401ms
	CompileScripts: 1260.981ms
	ImportOutOfDateAssets: 5693.153ms (5689.608ms without children)
		ReloadNativeAssets: 0.051ms
		UnloadImportedAssets: 1.232ms
		EnsureUptoDateAssetsAreRegisteredWithGuidPM: 1.398ms
		OnDemandSchedulerStart: 0.860ms
	PostProcessAllAssets: 45.127ms
		MonoPostProcessAllAssets: 45.024ms
			UniversalRenderPipelineGlobalSettingsPostprocessor.OnPostprocessAllAssets 12.243ms
			SyncVS.PostprocessSyncProject 10.025ms
			WindowAssetPostprocessingWatcher.OnPostprocessAllAssets 2.760ms
			GraphRefreshPostprocessor.OnPostprocessAllAssets 2.582ms
			SpeedTree9Postprocessor.OnPostprocessAllAssets 1.926ms
			AssetChangeDetector.OnPostprocessAllAssets 1.071ms
			RenderPipelineGlobalSettingsPostprocessor.OnPostprocessAllAssets 0.900ms
			ReferencedClipsPostProcessor.OnPostprocessAllAssets 0.431ms
			InputActionAssetPostprocessor.OnPostprocessAllAssets 0.272ms
			AssetDatabaseCallbacks.OnPostprocessAllAssets 0.217ms
			TerrainToolbarOverlayPostProcessor.OnPostprocessAllAssets 0.217ms
			ProjectSettingsPostprocessor.OnPostprocessAllAssets 0.179ms
	UnloadStreamsBegin: 1.058ms
	PersistCurrentRevisions: 0.203ms
	GenerateScriptTypeHashes: 4.184ms
	GenerateScriptTypeSerializationHashes: 7.536ms
	Untracked: 2058.610ms

Application.AssetDatabase Initial Refresh End
Shader Hidden/ChartRasterizerHardware is not supported: GPU does not support conservative rasterization
Shader Hidden/ChartRasterizerHardware is not supported: GPU does not support conservative rasterization
Scanning for USB devices : 15.888ms
Initializing Unity extensions:
[MODES] ModeService[none].Initialize
[MODES] ModeService[none].LoadModes
[MODES] Loading mode Default (0) for mode-current-id-Last Host
Unloading 197 Unused Serialized files (Serialized files now loaded: 0)
Unloading 10266 unused Assets / (18.5 MB). Loaded Objects now: 10875.
Memory consumption went from 274.3 MB to 255.8 MB.
Total: 25.288400 ms (FindLiveObjects: 1.022300 ms CreateObjectMapping: 0.515200 ms MarkObjects: 14.956100 ms  DeleteObjects: 8.791100 ms)

Batchmode quit successfully invoked - shutting down!
Start importing ProjectSettings/EditorBuildSettings.asset using Guid(0000000000000000b000000000000000) (LibraryAssetImporter) -> (Import Result ID: 'af7e4231c151f3f60e03b1faa87ef48a') in 0.0090898 seconds [static dependencies only]. Details - ImportResultOutputID=d777934f36c664454d62eda103573334 DependenciesID=873ec69a78ac63af047d3e9f6c37bb7c StaticDependenciesID=f45b286c27e446f60641be8a562df8e2 
Refreshing native plugins compatible for Editor in 6.63 ms, found 5 plugins.
(Values over 0.050ms)
Asset Pipeline Refresh (id=f17695e72d9c79743be0e2aa325e52c5): Total: 1.057 seconds - Initiated by StopAssetImportingV2(NoUpdateAssetOptions)
	Summary:
		Imports: total=1 (actual=1, local cache=0, cache server=0)
		Asset DB Process Time: managed=2 ms, native=104 ms
		Asset DB Callback time: managed=929 ms, native=19 ms
		Scripting: domain reloads=0, domain reload time=0 ms, compile time=0 ms, other=0 ms
		Project Asset Count: scripts=2096, non-scripts=5398
		Asset File Changes: new=0, changed=0, moved=0, deleted=0
		Scan Filter Count: 1
	ApplyChangesToAssetFolders: 0.109ms
	Scan: 23.088ms
	ProcessAssetsWithTransientArtifactChanges: 0.075ms
	CategorizeAssets: 61.909ms
	ImportOutOfDateAssets: 13.156ms (0.431ms without children)
		ImportManagerImport: 11.026ms (1.516ms without children)
			UpdateCategorizedAssets: 0.050ms
		UnloadImportedAssets: 0.298ms
		EnsureUptoDateAssetsAreRegisteredWithGuidPM: 0.981ms
		OnDemandSchedulerStart: 0.371ms
	PostProcessAllAssets: 942.339ms
		XRBuildSystem.XRAssetImported 11.764ms
		MonoPostProcessAllAssets: 929.721ms
			StyleCatalogPostProcessor.OnPostprocessAllAssets 280.260ms
			AssetReferenceReimportMonitor.OnPostprocessAllAssets 130.829ms
			AssetPostprocessor.OnPostprocessAllAssets 122.210ms
			BuilderAssetPostprocessor.OnPostprocessAllAssets 86.520ms
			SyncVS.PostprocessSyncProject 2.768ms
			ArtifactBrowserPostProcessor.OnPostprocessAllAssets 1.876ms
			AssetChangedListener.OnPostprocessAllAssets 1.791ms
			ShaderGraphAssetPostProcessor.OnPostprocessAllAssets 1.746ms
			RetainedModeAssetPostprocessor.OnPostprocessAllAssets 1.701ms
			MaterialPostprocessor.OnPostprocessAllAssets 0.895ms
			AudioMixerPostprocessor.OnPostprocessAllAssets 0.839ms
			UVCSAssetPostprocessor.OnPostprocessAllAssets 0.739ms
			SpriteEditorTexturePostprocessor.OnPostprocessAllAssets 0.721ms
			TMPro_TexturePostProcessor.OnPostprocessAllAssets 0.571ms
			TextAssetPostProcessor.OnPostprocessAllAssets 0.545ms
			ModelAssetProcessor.OnPostprocessAllAssets 0.461ms
			PostProcessor.OnPostprocessAllAssets 0.414ms
			ConfigAssetsTracker.OnPostprocessAllAssets 0.333ms
			InputActionJsonNameModifierAssetProcessor.OnPostprocessAllAssets 0.325ms
			SkillsProjectAssetPostprocessor.OnPostprocessAllAssets 0.315ms
			RenderPipelineGlobalSettingsPostprocessor.OnPostprocessAllAssets 0.248ms
			SpeedTreePostProcessor.OnPostprocessAllAssets 0.248ms
			AssetEvents.OnPostprocessAllAssets 0.241ms
			ScenarioDriftAssetsTracker.OnPostprocessAllAssets 0.180ms
			SamplePostprocessor.OnPostprocessAllAssets 0.179ms
			InputActionAssetPostprocessor.OnPostprocessAllAssets 0.138ms
			GraphRefreshPostprocessor.OnPostprocessAllAssets 0.127ms
			AudioContainerPostProcessor.OnPostprocessAllAssets 0.084ms
			AssetChangeDetector.OnPostprocessAllAssets 0.083ms
			TrackSelectedAssetsProcessor.OnPostprocessAllAssets 0.078ms
	PostAssetChangesProfiler: 6.907ms
	GatherAllCurrentPrimaryImportResultRevisions: 0.255ms
	PersistCurrentRevisions: 0.156ms
	Untracked: 8.524ms

[Physics::Module] Cleanup current backend.
[Physics::Module] Id: 0xf2b8ea05
Input System module state changed to: ShutdownInProgress.
Input Polling Thread exited.
Input System module state changed to: Shutdown.
[Licensing::IpcConnector] LicenseClient-bomi-6000.4.6-notifications channel disconnected successfully.
[Licensing::IpcConnector] LicenseClient-bomi-6000.4.6 channel disconnected successfully.
AcceleratorClientConnectionCallback - disconnected - :0
Cleanup mono
CodeReloadManager destroyed
Exiting batchmode successfully now!
Exiting without the bug reporter. Application will terminate with return code 0